{"C:\\Users\\User\\000000\\vv\\code\\github\\pikMeOrig\\pikMe\\src\\api\\functions.ts": {"path":"C:\\Users\\User\\000000\\vv\\code\\github\\pikMeOrig\\pikMe\\src\\api\\functions.ts","statementMap":{"0":{"start":{"line":8,"column":0},"end":{"line":8,"column":7}},"1":{"start":{"line":32,"column":0},"end":{"line":32,"column":7}},"2":{"start":{"line":40,"column":0},"end":{"line":40,"column":7}},"3":{"start":{"line":59,"column":0},"end":{"line":59,"column":7}},"4":{"start":{"line":85,"column":0},"end":{"line":85,"column":7}},"5":{"start":{"line":103,"column":0},"end":{"line":103,"column":7}},"6":{"start":{"line":125,"column":0},"end":{"line":125,"column":7}},"7":{"start":{"line":176,"column":0},"end":{"line":176,"column":7}},"8":{"start":{"line":200,"column":0},"end":{"line":200,"column":7}},"9":{"start":{"line":234,"column":0},"end":{"line":234,"column":7}},"10":{"start":{"line":240,"column":0},"end":{"line":240,"column":7}},"11":{"start":{"line":259,"column":0},"end":{"line":259,"column":7}},"12":{"start":{"line":278,"column":0},"end":{"line":278,"column":7}},"13":{"start":{"line":1,"column":0},"end":{"line":1,"column":38}},"14":{"start":{"line":13,"column":26},"end":{"line":15,"column":4}},"15":{"start":{"line":16,"column":2},"end":{"line":26,"column":3}},"16":{"start":{"line":18,"column":4},"end":{"line":24,"column":5}},"17":{"start":{"line":19,"column":19},"end":{"line":19,"column":57}},"18":{"start":{"line":20,"column":6},"end":{"line":20,"column":63}},"19":{"start":{"line":21,"column":6},"end":{"line":21,"column":51}},"20":{"start":{"line":21,"column":23},"end":{"line":21,"column":51}},"21":{"start":{"line":23,"column":6},"end":{"line":23,"column":88}},"22":{"start":{"line":23,"column":73},"end":{"line":23,"column":88}},"23":{"start":{"line":25,"column":4},"end":{"line":25,"column":16}},"24":{"start":{"line":27,"column":2},"end":{"line":27,"column":30}},"25":{"start":{"line":33,"column":26},"end":{"line":35,"column":4}},"26":{"start":{"line":36,"column":2},"end":{"line":36,"column":25}},"27":{"start":{"line":36,"column":13},"end":{"line":36,"column":25}},"28":{"start":{"line":37,"column":2},"end":{"line":37,"column":28}},"29":{"start":{"line":41,"column":26},"end":{"line":43,"column":4}},"30":{"start":{"line":44,"column":2},"end":{"line":53,"column":3}},"31":{"start":{"line":45,"column":4},"end":{"line":51,"column":5}},"32":{"start":{"line":46,"column":19},"end":{"line":46,"column":57}},"33":{"start":{"line":47,"column":6},"end":{"line":47,"column":69}},"34":{"start":{"line":48,"column":6},"end":{"line":48,"column":51}},"35":{"start":{"line":48,"column":23},"end":{"line":48,"column":51}},"36":{"start":{"line":50,"column":6},"end":{"line":50,"column":88}},"37":{"start":{"line":50,"column":73},"end":{"line":50,"column":88}},"38":{"start":{"line":52,"column":4},"end":{"line":52,"column":16}},"39":{"start":{"line":54,"column":2},"end":{"line":54,"column":28}},"40":{"start":{"line":65,"column":27},"end":{"line":65,"column":89}},"41":{"start":{"line":66,"column":2},"end":{"line":66,"column":38}},"42":{"start":{"line":66,"column":14},"end":{"line":66,"column":38}},"43":{"start":{"line":68,"column":26},"end":{"line":70,"column":4}},"44":{"start":{"line":71,"column":2},"end":{"line":79,"column":3}},"45":{"start":{"line":72,"column":4},"end":{"line":77,"column":5}},"46":{"start":{"line":73,"column":19},"end":{"line":73,"column":57}},"47":{"start":{"line":74,"column":6},"end":{"line":74,"column":51}},"48":{"start":{"line":74,"column":23},"end":{"line":74,"column":51}},"49":{"start":{"line":76,"column":6},"end":{"line":76,"column":88}},"50":{"start":{"line":76,"column":73},"end":{"line":76,"column":88}},"51":{"start":{"line":78,"column":4},"end":{"line":78,"column":16}},"52":{"start":{"line":80,"column":2},"end":{"line":80,"column":49}},"53":{"start":{"line":86,"column":26},"end":{"line":88,"column":4}},"54":{"start":{"line":89,"column":2},"end":{"line":97,"column":3}},"55":{"start":{"line":90,"column":4},"end":{"line":95,"column":5}},"56":{"start":{"line":91,"column":19},"end":{"line":91,"column":57}},"57":{"start":{"line":92,"column":6},"end":{"line":92,"column":51}},"58":{"start":{"line":92,"column":23},"end":{"line":92,"column":51}},"59":{"start":{"line":94,"column":6},"end":{"line":94,"column":88}},"60":{"start":{"line":94,"column":73},"end":{"line":94,"column":88}},"61":{"start":{"line":96,"column":4},"end":{"line":96,"column":16}},"62":{"start":{"line":98,"column":2},"end":{"line":98,"column":38}},"63":{"start":{"line":108,"column":26},"end":{"line":110,"column":4}},"64":{"start":{"line":111,"column":2},"end":{"line":119,"column":3}},"65":{"start":{"line":112,"column":4},"end":{"line":117,"column":5}},"66":{"start":{"line":113,"column":19},"end":{"line":113,"column":57}},"67":{"start":{"line":114,"column":6},"end":{"line":114,"column":51}},"68":{"start":{"line":114,"column":23},"end":{"line":114,"column":51}},"69":{"start":{"line":116,"column":6},"end":{"line":116,"column":88}},"70":{"start":{"line":116,"column":73},"end":{"line":116,"column":88}},"71":{"start":{"line":118,"column":4},"end":{"line":118,"column":16}},"72":{"start":{"line":120,"column":2},"end":{"line":120,"column":49}},"73":{"start":{"line":126,"column":26},"end":{"line":126,"column":63}},"74":{"start":{"line":127,"column":2},"end":{"line":127,"column":25}},"75":{"start":{"line":127,"column":13},"end":{"line":127,"column":25}},"76":{"start":{"line":128,"column":14},"end":{"line":128,"column":62}},"77":{"start":{"line":129,"column":2},"end":{"line":132,"column":4}},"78":{"start":{"line":136,"column":2},"end":{"line":152,"column":4}},"79":{"start":{"line":156,"column":2},"end":{"line":173,"column":4}},"80":{"start":{"line":180,"column":2},"end":{"line":194,"column":3}},"81":{"start":{"line":181,"column":4},"end":{"line":193,"column":7}},"82":{"start":{"line":195,"column":26},"end":{"line":195,"column":96}},"83":{"start":{"line":196,"column":2},"end":{"line":196,"column":25}},"84":{"start":{"line":196,"column":13},"end":{"line":196,"column":25}},"85":{"start":{"line":197,"column":2},"end":{"line":197,"column":25}},"86":{"start":{"line":201,"column":2},"end":{"line":223,"column":3}},"87":{"start":{"line":203,"column":35},"end":{"line":218,"column":6}},"88":{"start":{"line":219,"column":4},"end":{"line":222,"column":5}},"89":{"start":{"line":220,"column":6},"end":{"line":220,"column":109}},"90":{"start":{"line":221,"column":6},"end":{"line":221,"column":24}},"91":{"start":{"line":224,"column":26},"end":{"line":224,"column":93}},"92":{"start":{"line":225,"column":2},"end":{"line":228,"column":3}},"93":{"start":{"line":226,"column":4},"end":{"line":226,"column":106}},"94":{"start":{"line":227,"column":4},"end":{"line":227,"column":16}},"95":{"start":{"line":229,"column":2},"end":{"line":229,"column":25}},"96":{"start":{"line":235,"column":26},"end":{"line":235,"column":64}},"97":{"start":{"line":236,"column":2},"end":{"line":236,"column":25}},"98":{"start":{"line":236,"column":13},"end":{"line":236,"column":25}},"99":{"start":{"line":237,"column":2},"end":{"line":237,"column":36}},"100":{"start":{"line":241,"column":20},"end":{"line":250,"column":4}},"101":{"start":{"line":251,"column":2},"end":{"line":251,"column":25}},"102":{"start":{"line":251,"column":13},"end":{"line":251,"column":25}},"103":{"start":{"line":260,"column":20},"end":{"line":260,"column":80}},"104":{"start":{"line":261,"column":2},"end":{"line":272,"column":3}},"105":{"start":{"line":264,"column":17},"end":{"line":264,"column":30}},"106":{"start":{"line":265,"column":4},"end":{"line":270,"column":5}},"107":{"start":{"line":266,"column":19},"end":{"line":266,"column":57}},"108":{"start":{"line":267,"column":6},"end":{"line":267,"column":43}},"109":{"start":{"line":267,"column":23},"end":{"line":267,"column":43}},"110":{"start":{"line":271,"column":4},"end":{"line":271,"column":28}},"111":{"start":{"line":273,"column":2},"end":{"line":273,"column":32}},"112":{"start":{"line":284,"column":20},"end":{"line":289,"column":4}},"113":{"start":{"line":290,"column":2},"end":{"line":290,"column":25}},"114":{"start":{"line":290,"column":13},"end":{"line":290,"column":25}}},"fnMap":{"0":{"name":"fetchNearbyRestaurants","decl":{"start":{"line":8,"column":22},"end":{"line":8,"column":44}},"loc":{"start":{"line":11,"column":22},"end":{"line":28,"column":1}}},"1":{"name":"fetchMenuItems","decl":{"start":{"line":32,"column":22},"end":{"line":32,"column":36}},"loc":{"start":{"line":32,"column":59},"end":{"line":38,"column":1}}},"2":{"name":"fetchMenuItemsAi","decl":{"start":{"line":40,"column":22},"end":{"line":40,"column":38}},"loc":{"start":{"line":40,"column":61},"end":{"line":55,"column":1}}},"3":{"name":"getItemAnalysis","decl":{"start":{"line":59,"column":22},"end":{"line":59,"column":37}},"loc":{"start":{"line":62,"column":22},"end":{"line":81,"column":1}}},"4":{"name":"aiOnboard","decl":{"start":{"line":85,"column":22},"end":{"line":85,"column":31}},"loc":{"start":{"line":85,"column":48},"end":{"line":99,"column":1}}},"5":{"name":"sendChatMessage","decl":{"start":{"line":103,"column":22},"end":{"line":103,"column":37}},"loc":{"start":{"line":106,"column":33},"end":{"line":121,"column":1}}},"6":{"name":"getSavedItems","decl":{"start":{"line":125,"column":22},"end":{"line":125,"column":35}},"loc":{"start":{"line":125,"column":35},"end":{"line":133,"column":1}}},"7":{"name":"mapDbRestaurant","decl":{"start":{"line":135,"column":9},"end":{"line":135,"column":24}},"loc":{"start":{"line":135,"column":31},"end":{"line":153,"column":1}}},"8":{"name":"mapDbMenuItem","decl":{"start":{"line":155,"column":9},"end":{"line":155,"column":22}},"loc":{"start":{"line":155,"column":29},"end":{"line":174,"column":1}}},"9":{"name":"toggleSavedRestaurant","decl":{"start":{"line":176,"column":22},"end":{"line":176,"column":43}},"loc":{"start":{"line":176,"column":84},"end":{"line":198,"column":1}}},"10":{"name":"toggleSavedMenuItem","decl":{"start":{"line":200,"column":22},"end":{"line":200,"column":41}},"loc":{"start":{"line":200,"column":77},"end":{"line":230,"column":1}}},"11":{"name":"getUserProfile","decl":{"start":{"line":234,"column":22},"end":{"line":234,"column":36}},"loc":{"start":{"line":234,"column":36},"end":{"line":238,"column":1}}},"12":{"name":"upsertUserProfile","decl":{"start":{"line":240,"column":22},"end":{"line":240,"column":39}},"loc":{"start":{"line":240,"column":72},"end":{"line":252,"column":1}}},"13":{"name":"deleteAccount","decl":{"start":{"line":259,"column":22},"end":{"line":259,"column":35}},"loc":{"start":{"line":259,"column":35},"end":{"line":274,"column":1}}},"14":{"name":"logRecommendationAction","decl":{"start":{"line":278,"column":22},"end":{"line":278,"column":45}},"loc":{"start":{"line":282,"column":42},"end":{"line":291,"column":1}}}},"branchMap":{"0":{"loc":{"start":{"line":16,"column":2},"end":{"line":26,"column":3}},"type":"if","locations":[{"start":{"line":16,"column":2},"end":{"line":26,"column":3}}]},"1":{"loc":{"start":{"line":21,"column":6},"end":{"line":21,"column":51}},"type":"if","locations":[{"start":{"line":21,"column":6},"end":{"line":21,"column":51}}]},"2":{"loc":{"start":{"line":23,"column":6},"end":{"line":23,"column":88}},"type":"if","locations":[{"start":{"line":23,"column":6},"end":{"line":23,"column":88}}]},"3":{"loc":{"start":{"line":23,"column":10},"end":{"line":23,"column":71}},"type":"binary-expr","locations":[{"start":{"line":23,"column":10},"end":{"line":23,"column":27}},{"start":{"line":23,"column":31},"end":{"line":23,"column":71}}]},"4":{"loc":{"start":{"line":36,"column":2},"end":{"line":36,"column":25}},"type":"if","locations":[{"start":{"line":36,"column":2},"end":{"line":36,"column":25}}]},"5":{"loc":{"start":{"line":44,"column":2},"end":{"line":53,"column":3}},"type":"if","locations":[{"start":{"line":44,"column":2},"end":{"line":53,"column":3}}]},"6":{"loc":{"start":{"line":48,"column":6},"end":{"line":48,"column":51}},"type":"if","locations":[{"start":{"line":48,"column":6},"end":{"line":48,"column":51}}]},"7":{"loc":{"start":{"line":50,"column":6},"end":{"line":50,"column":88}},"type":"if","locations":[{"start":{"line":50,"column":6},"end":{"line":50,"column":88}}]},"8":{"loc":{"start":{"line":50,"column":10},"end":{"line":50,"column":71}},"type":"binary-expr","locations":[{"start":{"line":50,"column":10},"end":{"line":50,"column":27}},{"start":{"line":50,"column":31},"end":{"line":50,"column":71}}]},"9":{"loc":{"start":{"line":66,"column":2},"end":{"line":66,"column":38}},"type":"if","locations":[{"start":{"line":66,"column":2},"end":{"line":66,"column":38}}]},"10":{"loc":{"start":{"line":71,"column":2},"end":{"line":79,"column":3}},"type":"if","locations":[{"start":{"line":71,"column":2},"end":{"line":79,"column":3}}]},"11":{"loc":{"start":{"line":74,"column":6},"end":{"line":74,"column":51}},"type":"if","locations":[{"start":{"line":74,"column":6},"end":{"line":74,"column":51}}]},"12":{"loc":{"start":{"line":76,"column":6},"end":{"line":76,"column":88}},"type":"if","locations":[{"start":{"line":76,"column":6},"end":{"line":76,"column":88}}]},"13":{"loc":{"start":{"line":76,"column":10},"end":{"line":76,"column":71}},"type":"binary-expr","locations":[{"start":{"line":76,"column":10},"end":{"line":76,"column":27}},{"start":{"line":76,"column":31},"end":{"line":76,"column":71}}]},"14":{"loc":{"start":{"line":89,"column":2},"end":{"line":97,"column":3}},"type":"if","locations":[{"start":{"line":89,"column":2},"end":{"line":97,"column":3}}]},"15":{"loc":{"start":{"line":92,"column":6},"end":{"line":92,"column":51}},"type":"if","locations":[{"start":{"line":92,"column":6},"end":{"line":92,"column":51}}]},"16":{"loc":{"start":{"line":94,"column":6},"end":{"line":94,"column":88}},"type":"if","locations":[{"start":{"line":94,"column":6},"end":{"line":94,"column":88}}]},"17":{"loc":{"start":{"line":94,"column":10},"end":{"line":94,"column":71}},"type":"binary-expr","locations":[{"start":{"line":94,"column":10},"end":{"line":94,"column":27}},{"start":{"line":94,"column":31},"end":{"line":94,"column":71}}]},"18":{"loc":{"start":{"line":111,"column":2},"end":{"line":119,"column":3}},"type":"if","locations":[{"start":{"line":111,"column":2},"end":{"line":119,"column":3}}]},"19":{"loc":{"start":{"line":114,"column":6},"end":{"line":114,"column":51}},"type":"if","locations":[{"start":{"line":114,"column":6},"end":{"line":114,"column":51}}]},"20":{"loc":{"start":{"line":116,"column":6},"end":{"line":116,"column":88}},"type":"if","locations":[{"start":{"line":116,"column":6},"end":{"line":116,"column":88}}]},"21":{"loc":{"start":{"line":116,"column":10},"end":{"line":116,"column":71}},"type":"binary-expr","locations":[{"start":{"line":116,"column":10},"end":{"line":116,"column":27}},{"start":{"line":116,"column":31},"end":{"line":116,"column":71}}]},"22":{"loc":{"start":{"line":127,"column":2},"end":{"line":127,"column":25}},"type":"if","locations":[{"start":{"line":127,"column":2},"end":{"line":127,"column":25}}]},"23":{"loc":{"start":{"line":130,"column":18},"end":{"line":130,"column":39}},"type":"binary-expr","locations":[{"start":{"line":130,"column":18},"end":{"line":130,"column":33}},{"start":{"line":130,"column":37},"end":{"line":130,"column":39}}]},"24":{"loc":{"start":{"line":131,"column":16},"end":{"line":131,"column":35}},"type":"binary-expr","locations":[{"start":{"line":131,"column":16},"end":{"line":131,"column":29}},{"start":{"line":131,"column":33},"end":{"line":131,"column":35}}]},"25":{"loc":{"start":{"line":140,"column":16},"end":{"line":140,"column":31}},"type":"binary-expr","locations":[{"start":{"line":140,"column":16},"end":{"line":140,"column":26}},{"start":{"line":140,"column":30},"end":{"line":140,"column":31}}]},"26":{"loc":{"start":{"line":141,"column":17},"end":{"line":141,"column":33}},"type":"binary-expr","locations":[{"start":{"line":141,"column":17},"end":{"line":141,"column":28}},{"start":{"line":141,"column":32},"end":{"line":141,"column":33}}]},"27":{"loc":{"start":{"line":142,"column":15},"end":{"line":142,"column":30}},"type":"binary-expr","locations":[{"start":{"line":142,"column":15},"end":{"line":142,"column":24}},{"start":{"line":142,"column":28},"end":{"line":142,"column":30}}]},"28":{"loc":{"start":{"line":143,"column":12},"end":{"line":143,"column":24}},"type":"binary-expr","locations":[{"start":{"line":143,"column":12},"end":{"line":143,"column":18}},{"start":{"line":143,"column":22},"end":{"line":143,"column":24}}]},"29":{"loc":{"start":{"line":146,"column":12},"end":{"line":146,"column":25}},"type":"binary-expr","locations":[{"start":{"line":146,"column":12},"end":{"line":146,"column":20}},{"start":{"line":146,"column":24},"end":{"line":146,"column":25}}]},"30":{"loc":{"start":{"line":147,"column":18},"end":{"line":147,"column":39}},"type":"binary-expr","locations":[{"start":{"line":147,"column":18},"end":{"line":147,"column":33}},{"start":{"line":147,"column":37},"end":{"line":147,"column":39}}]},"31":{"loc":{"start":{"line":149,"column":13},"end":{"line":149,"column":32}},"type":"binary-expr","locations":[{"start":{"line":149,"column":13},"end":{"line":149,"column":23}},{"start":{"line":149,"column":27},"end":{"line":149,"column":32}}]},"32":{"loc":{"start":{"line":150,"column":18},"end":{"line":150,"column":46}},"type":"binary-expr","locations":[{"start":{"line":150,"column":18},"end":{"line":150,"column":33}},{"start":{"line":150,"column":37},"end":{"line":150,"column":46}}]},"33":{"loc":{"start":{"line":160,"column":14},"end":{"line":160,"column":38}},"type":"binary-expr","locations":[{"start":{"line":160,"column":14},"end":{"line":160,"column":25}},{"start":{"line":160,"column":29},"end":{"line":160,"column":38}}]},"34":{"loc":{"start":{"line":161,"column":16},"end":{"line":161,"column":38}},"type":"binary-expr","locations":[{"start":{"line":161,"column":16},"end":{"line":161,"column":29}},{"start":{"line":161,"column":33},"end":{"line":161,"column":38}}]},"35":{"loc":{"start":{"line":163,"column":16},"end":{"line":163,"column":31}},"type":"binary-expr","locations":[{"start":{"line":163,"column":16},"end":{"line":163,"column":26}},{"start":{"line":163,"column":30},"end":{"line":163,"column":31}}]},"36":{"loc":{"start":{"line":164,"column":18},"end":{"line":164,"column":36}},"type":"binary-expr","locations":[{"start":{"line":164,"column":18},"end":{"line":164,"column":31}},{"start":{"line":164,"column":35},"end":{"line":164,"column":36}}]},"37":{"loc":{"start":{"line":165,"column":22},"end":{"line":165,"column":44}},"type":"binary-expr","locations":[{"start":{"line":165,"column":22},"end":{"line":165,"column":39}},{"start":{"line":165,"column":43},"end":{"line":165,"column":44}}]},"38":{"loc":{"start":{"line":166,"column":17},"end":{"line":166,"column":33}},"type":"binary-expr","locations":[{"start":{"line":166,"column":17},"end":{"line":166,"column":28}},{"start":{"line":166,"column":32},"end":{"line":166,"column":33}}]},"39":{"loc":{"start":{"line":167,"column":20},"end":{"line":167,"column":40}},"type":"binary-expr","locations":[{"start":{"line":167,"column":20},"end":{"line":167,"column":35}},{"start":{"line":167,"column":39},"end":{"line":167,"column":40}}]},"40":{"loc":{"start":{"line":170,"column":17},"end":{"line":170,"column":33}},"type":"binary-expr","locations":[{"start":{"line":170,"column":17},"end":{"line":170,"column":28}},{"start":{"line":170,"column":32},"end":{"line":170,"column":33}}]},"41":{"loc":{"start":{"line":171,"column":26},"end":{"line":171,"column":61}},"type":"binary-expr","locations":[{"start":{"line":171,"column":26},"end":{"line":171,"column":48}},{"start":{"line":171,"column":52},"end":{"line":171,"column":61}}]},"42":{"loc":{"start":{"line":180,"column":2},"end":{"line":194,"column":3}},"type":"if","locations":[{"start":{"line":180,"column":2},"end":{"line":194,"column":3}}]},"43":{"loc":{"start":{"line":196,"column":2},"end":{"line":196,"column":25}},"type":"if","locations":[{"start":{"line":196,"column":2},"end":{"line":196,"column":25}}]},"44":{"loc":{"start":{"line":201,"column":2},"end":{"line":223,"column":3}},"type":"if","locations":[{"start":{"line":201,"column":2},"end":{"line":223,"column":3}}]},"45":{"loc":{"start":{"line":208,"column":28},"end":{"line":208,"column":73}},"type":"binary-expr","locations":[{"start":{"line":208,"column":28},"end":{"line":208,"column":65}},{"start":{"line":208,"column":69},"end":{"line":208,"column":73}}]},"46":{"loc":{"start":{"line":215,"column":28},"end":{"line":215,"column":53}},"type":"binary-expr","locations":[{"start":{"line":215,"column":28},"end":{"line":215,"column":45}},{"start":{"line":215,"column":49},"end":{"line":215,"column":53}}]},"47":{"loc":{"start":{"line":219,"column":4},"end":{"line":222,"column":5}},"type":"if","locations":[{"start":{"line":219,"column":4},"end":{"line":222,"column":5}}]},"48":{"loc":{"start":{"line":225,"column":2},"end":{"line":228,"column":3}},"type":"if","locations":[{"start":{"line":225,"column":2},"end":{"line":228,"column":3}}]},"49":{"loc":{"start":{"line":236,"column":2},"end":{"line":236,"column":25}},"type":"if","locations":[{"start":{"line":236,"column":2},"end":{"line":236,"column":25}}]},"50":{"loc":{"start":{"line":251,"column":2},"end":{"line":251,"column":25}},"type":"if","locations":[{"start":{"line":251,"column":2},"end":{"line":251,"column":25}}]},"51":{"loc":{"start":{"line":261,"column":2},"end":{"line":272,"column":3}},"type":"if","locations":[{"start":{"line":261,"column":2},"end":{"line":272,"column":3}}]},"52":{"loc":{"start":{"line":267,"column":6},"end":{"line":267,"column":43}},"type":"if","locations":[{"start":{"line":267,"column":6},"end":{"line":267,"column":43}}]},"53":{"loc":{"start":{"line":290,"column":2},"end":{"line":290,"column":25}},"type":"if","locations":[{"start":{"line":290,"column":2},"end":{"line":290,"column":25}}]}},"s":{"0":0,"1":0,"2":0,"3":0,"4":0,"5":0,"6":0,"7":0,"8":0,"9":0,"10":0,"11":0,"12":0,"13":0,"14":0,"15":0,"16":0,"17":0,"18":0,"19":0,"20":0,"21":0,"22":0,"23":0,"24":0,"25":0,"26":0,"27":0,"28":0,"29":0,"30":0,"31":0,"32":0,"33":0,"34":0,"35":0,"36":0,"37":0,"38":0,"39":0,"40":0,"41":0,"42":0,"43":0,"44":0,"45":0,"46":0,"47":0,"48":0,"49":0,"50":0,"51":0,"52":0,"53":0,"54":0,"55":0,"56":0,"57":0,"58":0,"59":0,"60":0,"61":0,"62":0,"63":0,"64":0,"65":0,"66":0,"67":0,"68":0,"69":0,"70":0,"71":0,"72":0,"73":0,"74":0,"75":0,"76":0,"77":0,"78":0,"79":0,"80":0,"81":0,"82":0,"83":0,"84":0,"85":0,"86":0,"87":0,"88":0,"89":0,"90":0,"91":0,"92":0,"93":0,"94":0,"95":0,"96":0,"97":0,"98":0,"99":0,"100":0,"101":0,"102":0,"103":0,"104":0,"105":0,"106":0,"107":0,"108":0,"109":0,"110":0,"111":0,"112":0,"113":0,"114":0},"f":{"0":0,"1":0,"2":0,"3":0,"4":0,"5":0,"6":0,"7":0,"8":0,"9":0,"10":0,"11":0,"12":0,"13":0,"14":0},"b":{"0":[0],"1":[0],"2":[0],"3":[0,0],"4":[0],"5":[0],"6":[0],"7":[0],"8":[0,0],"9":[0],"10":[0],"11":[0],"12":[0],"13":[0,0],"14":[0],"15":[0],"16":[0],"17":[0,0],"18":[0],"19":[0],"20":[0],"21":[0,0],"22":[0],"23":[0,0],"24":[0,0],"25":[0,0],"26":[0,0],"27":[0,0],"28":[0,0],"29":[0,0],"30":[0,0],"31":[0,0],"32":[0,0],"33":[0,0],"34":[0,0],"35":[0,0],"36":[0,0],"37":[0,0],"38":[0,0],"39":[0,0],"40":[0,0],"41":[0,0],"42":[0],"43":[0],"44":[0],"45":[0,0],"46":[0,0],"47":[0],"48":[0],"49":[0],"50":[0],"51":[0],"52":[0],"53":[0]}}
,"C:\\Users\\User\\000000\\vv\\code\\github\\pikMeOrig\\pikMe\\src\\api\\restaurantAuth.ts": {"path":"C:\\Users\\User\\000000\\vv\\code\\github\\pikMeOrig\\pikMe\\src\\api\\restaurantAuth.ts","statementMap":{"0":{"start":{"line":5,"column":0},"end":{"line":5,"column":7}},"1":{"start":{"line":17,"column":0},"end":{"line":17,"column":7}},"2":{"start":{"line":47,"column":0},"end":{"line":47,"column":7}},"3":{"start":{"line":59,"column":0},"end":{"line":59,"column":7}},"4":{"start":{"line":85,"column":0},"end":{"line":85,"column":7}},"5":{"start":{"line":99,"column":0},"end":{"line":99,"column":7}},"6":{"start":{"line":129,"column":0},"end":{"line":129,"column":7}},"7":{"start":{"line":158,"column":0},"end":{"line":158,"column":7}},"8":{"start":{"line":167,"column":0},"end":{"line":167,"column":7}},"9":{"start":{"line":176,"column":0},"end":{"line":176,"column":7}},"10":{"start":{"line":185,"column":0},"end":{"line":185,"column":7}},"11":{"start":{"line":199,"column":0},"end":{"line":199,"column":7}},"12":{"start":{"line":210,"column":0},"end":{"line":210,"column":7}},"13":{"start":{"line":1,"column":0},"end":{"line":1,"column":38}},"14":{"start":{"line":3,"column":21},"end":{"line":3,"column":63}},"15":{"start":{"line":6,"column":19},"end":{"line":10,"column":4}},"16":{"start":{"line":12,"column":15},"end":{"line":12,"column":36}},"17":{"start":{"line":13,"column":2},"end":{"line":13,"column":48}},"18":{"start":{"line":13,"column":20},"end":{"line":13,"column":48}},"19":{"start":{"line":14,"column":2},"end":{"line":14,"column":14}},"20":{"start":{"line":26,"column":19},"end":{"line":40,"column":4}},"21":{"start":{"line":42,"column":15},"end":{"line":42,"column":36}},"22":{"start":{"line":43,"column":2},"end":{"line":43,"column":84}},"23":{"start":{"line":43,"column":20},"end":{"line":43,"column":84}},"24":{"start":{"line":44,"column":2},"end":{"line":44,"column":14}},"25":{"start":{"line":48,"column":19},"end":{"line":52,"column":4}},"26":{"start":{"line":54,"column":15},"end":{"line":54,"column":36}},"27":{"start":{"line":55,"column":2},"end":{"line":55,"column":48}},"28":{"start":{"line":55,"column":20},"end":{"line":55,"column":48}},"29":{"start":{"line":56,"column":2},"end":{"line":56,"column":14}},"30":{"start":{"line":65,"column":19},"end":{"line":72,"column":4}},"31":{"start":{"line":74,"column":15},"end":{"line":74,"column":36}},"32":{"start":{"line":75,"column":2},"end":{"line":75,"column":99}},"33":{"start":{"line":77,"column":2},"end":{"line":81,"column":3}},"34":{"start":{"line":78,"column":21},"end":{"line":78,"column":71}},"35":{"start":{"line":79,"column":4},"end":{"line":79,"column":46}},"36":{"start":{"line":80,"column":4},"end":{"line":80,"column":30}},"37":{"start":{"line":82,"column":2},"end":{"line":82,"column":14}},"38":{"start":{"line":86,"column":25},"end":{"line":86,"column":54}},"39":{"start":{"line":87,"column":2},"end":{"line":87,"column":55}},"40":{"start":{"line":87,"column":18},"end":{"line":87,"column":55}},"41":{"start":{"line":89,"column":26},"end":{"line":93,"column":13}},"42":{"start":{"line":95,"column":2},"end":{"line":95,"column":54}},"43":{"start":{"line":95,"column":42},"end":{"line":95,"column":54}},"44":{"start":{"line":96,"column":2},"end":{"line":96,"column":22}},"45":{"start":{"line":109,"column":2},"end":{"line":109,"column":84}},"46":{"start":{"line":111,"column":26},"end":{"line":120,"column":4}},"47":{"start":{"line":122,"column":2},"end":{"line":125,"column":3}},"48":{"start":{"line":123,"column":4},"end":{"line":123,"column":86}},"49":{"start":{"line":124,"column":4},"end":{"line":124,"column":16}},"50":{"start":{"line":126,"column":2},"end":{"line":126,"column":14}},"51":{"start":{"line":142,"column":26},"end":{"line":152,"column":4}},"52":{"start":{"line":154,"column":2},"end":{"line":154,"column":25}},"53":{"start":{"line":154,"column":13},"end":{"line":154,"column":25}},"54":{"start":{"line":155,"column":2},"end":{"line":155,"column":14}},"55":{"start":{"line":159,"column":26},"end":{"line":161,"column":4}},"56":{"start":{"line":163,"column":2},"end":{"line":163,"column":25}},"57":{"start":{"line":163,"column":13},"end":{"line":163,"column":25}},"58":{"start":{"line":164,"column":2},"end":{"line":164,"column":14}},"59":{"start":{"line":168,"column":26},"end":{"line":170,"column":4}},"60":{"start":{"line":172,"column":2},"end":{"line":172,"column":25}},"61":{"start":{"line":172,"column":13},"end":{"line":172,"column":25}},"62":{"start":{"line":173,"column":2},"end":{"line":173,"column":20}},"63":{"start":{"line":177,"column":26},"end":{"line":179,"column":4}},"64":{"start":{"line":181,"column":2},"end":{"line":181,"column":25}},"65":{"start":{"line":181,"column":13},"end":{"line":181,"column":25}},"66":{"start":{"line":182,"column":2},"end":{"line":182,"column":20}},"67":{"start":{"line":188,"column":55},"end":{"line":192,"column":18}},"68":{"start":{"line":194,"column":2},"end":{"line":194,"column":48}},"69":{"start":{"line":194,"column":38},"end":{"line":194,"column":48}},"70":{"start":{"line":196,"column":2},"end":{"line":196,"column":54}},"71":{"start":{"line":200,"column":26},"end":{"line":204,"column":46}},"72":{"start":{"line":206,"column":2},"end":{"line":206,"column":25}},"73":{"start":{"line":206,"column":13},"end":{"line":206,"column":25}},"74":{"start":{"line":207,"column":2},"end":{"line":207,"column":20}},"75":{"start":{"line":211,"column":19},"end":{"line":218,"column":4}},"76":{"start":{"line":220,"column":15},"end":{"line":220,"column":36}},"77":{"start":{"line":221,"column":2},"end":{"line":221,"column":122}},"78":{"start":{"line":222,"column":2},"end":{"line":222,"column":72}},"79":{"start":{"line":222,"column":20},"end":{"line":222,"column":72}},"80":{"start":{"line":223,"column":2},"end":{"line":223,"column":14}}},"fnMap":{"0":{"name":"signUpRestaurantOwner","decl":{"start":{"line":5,"column":22},"end":{"line":5,"column":43}},"loc":{"start":{"line":5,"column":97},"end":{"line":15,"column":1}}},"1":{"name":"adminCreateRestaurantOwner","decl":{"start":{"line":17,"column":22},"end":{"line":17,"column":48}},"loc":{"start":{"line":25,"column":1},"end":{"line":45,"column":1}}},"2":{"name":"loginRestaurantOwner","decl":{"start":{"line":47,"column":22},"end":{"line":47,"column":42}},"loc":{"start":{"line":47,"column":74},"end":{"line":57,"column":1}}},"3":{"name":"claimRestaurant","decl":{"start":{"line":59,"column":22},"end":{"line":59,"column":37}},"loc":{"start":{"line":63,"column":15},"end":{"line":83,"column":1}}},"4":{"name":"getRestaurantForOwner","decl":{"start":{"line":85,"column":22},"end":{"line":85,"column":43}},"loc":{"start":{"line":85,"column":43},"end":{"line":97,"column":1}}},"5":{"name":"createCoupon","decl":{"start":{"line":99,"column":22},"end":{"line":99,"column":34}},"loc":{"start":{"line":108,"column":1},"end":{"line":127,"column":1}}},"6":{"name":"updateCoupon","decl":{"start":{"line":129,"column":22},"end":{"line":129,"column":34}},"loc":{"start":{"line":140,"column":3},"end":{"line":156,"column":1}}},"7":{"name":"deleteCoupon","decl":{"start":{"line":158,"column":22},"end":{"line":158,"column":34}},"loc":{"start":{"line":158,"column":51},"end":{"line":165,"column":1}}},"8":{"name":"getRestaurantCoupons","decl":{"start":{"line":167,"column":22},"end":{"line":167,"column":42}},"loc":{"start":{"line":167,"column":63},"end":{"line":174,"column":1}}},"9":{"name":"getActiveCouponsForRestaurant","decl":{"start":{"line":176,"column":22},"end":{"line":176,"column":51}},"loc":{"start":{"line":176,"column":72},"end":{"line":183,"column":1}}},"10":{"name":"getActiveCouponsByPlaceId","decl":{"start":{"line":185,"column":22},"end":{"line":185,"column":47}},"loc":{"start":{"line":185,"column":69},"end":{"line":197,"column":1}}},"11":{"name":"getRestaurantMenuItems","decl":{"start":{"line":199,"column":22},"end":{"line":199,"column":44}},"loc":{"start":{"line":199,"column":65},"end":{"line":208,"column":1}}},"12":{"name":"refreshRestaurantMenu","decl":{"start":{"line":210,"column":22},"end":{"line":210,"column":43}},"loc":{"start":{"line":210,"column":107},"end":{"line":224,"column":1}}}},"branchMap":{"0":{"loc":{"start":{"line":3,"column":21},"end":{"line":3,"column":63}},"type":"binary-expr","locations":[{"start":{"line":3,"column":21},"end":{"line":3,"column":57}},{"start":{"line":3,"column":61},"end":{"line":3,"column":63}}]},"1":{"loc":{"start":{"line":13,"column":2},"end":{"line":13,"column":48}},"type":"if","locations":[{"start":{"line":13,"column":2},"end":{"line":13,"column":48}}]},"2":{"loc":{"start":{"line":43,"column":2},"end":{"line":43,"column":84}},"type":"if","locations":[{"start":{"line":43,"column":2},"end":{"line":43,"column":84}}]},"3":{"loc":{"start":{"line":43,"column":36},"end":{"line":43,"column":82}},"type":"binary-expr","locations":[{"start":{"line":43,"column":36},"end":{"line":43,"column":46}},{"start":{"line":43,"column":50},"end":{"line":43,"column":82}}]},"4":{"loc":{"start":{"line":55,"column":2},"end":{"line":55,"column":48}},"type":"if","locations":[{"start":{"line":55,"column":2},"end":{"line":55,"column":48}}]},"5":{"loc":{"start":{"line":77,"column":2},"end":{"line":81,"column":3}},"type":"if","locations":[{"start":{"line":77,"column":2},"end":{"line":81,"column":3}}]},"6":{"loc":{"start":{"line":78,"column":21},"end":{"line":78,"column":71}},"type":"binary-expr","locations":[{"start":{"line":78,"column":21},"end":{"line":78,"column":31}},{"start":{"line":78,"column":35},"end":{"line":78,"column":47}},{"start":{"line":78,"column":51},"end":{"line":78,"column":71}}]},"7":{"loc":{"start":{"line":87,"column":2},"end":{"line":87,"column":55}},"type":"if","locations":[{"start":{"line":87,"column":2},"end":{"line":87,"column":55}}]},"8":{"loc":{"start":{"line":95,"column":2},"end":{"line":95,"column":54}},"type":"if","locations":[{"start":{"line":95,"column":2},"end":{"line":95,"column":54}}]},"9":{"loc":{"start":{"line":95,"column":6},"end":{"line":95,"column":40}},"type":"binary-expr","locations":[{"start":{"line":95,"column":6},"end":{"line":95,"column":11}},{"start":{"line":95,"column":15},"end":{"line":95,"column":40}}]},"10":{"loc":{"start":{"line":96,"column":9},"end":{"line":96,"column":21}},"type":"binary-expr","locations":[{"start":{"line":96,"column":9},"end":{"line":96,"column":13}},{"start":{"line":96,"column":17},"end":{"line":96,"column":21}}]},"11":{"loc":{"start":{"line":117,"column":20},"end":{"line":117,"column":45}},"type":"binary-expr","locations":[{"start":{"line":117,"column":20},"end":{"line":117,"column":37}},{"start":{"line":117,"column":41},"end":{"line":117,"column":45}}]},"12":{"loc":{"start":{"line":118,"column":19},"end":{"line":118,"column":44}},"type":"binary-expr","locations":[{"start":{"line":118,"column":19},"end":{"line":118,"column":36}},{"start":{"line":118,"column":40},"end":{"line":118,"column":44}}]},"13":{"loc":{"start":{"line":119,"column":18},"end":{"line":119,"column":43}},"type":"binary-expr","locations":[{"start":{"line":119,"column":18},"end":{"line":119,"column":35}},{"start":{"line":119,"column":39},"end":{"line":119,"column":43}}]},"14":{"loc":{"start":{"line":122,"column":2},"end":{"line":125,"column":3}},"type":"if","locations":[{"start":{"line":122,"column":2},"end":{"line":125,"column":3}}]},"15":{"loc":{"start":{"line":144,"column":19},"end":{"line":144,"column":44}},"type":"binary-expr","locations":[{"start":{"line":144,"column":19},"end":{"line":144,"column":36}},{"start":{"line":144,"column":40},"end":{"line":144,"column":44}}]},"16":{"loc":{"start":{"line":145,"column":22},"end":{"line":145,"column":50}},"type":"binary-expr","locations":[{"start":{"line":145,"column":22},"end":{"line":145,"column":42}},{"start":{"line":145,"column":46},"end":{"line":145,"column":50}}]},"17":{"loc":{"start":{"line":146,"column":19},"end":{"line":146,"column":44}},"type":"binary-expr","locations":[{"start":{"line":146,"column":19},"end":{"line":146,"column":36}},{"start":{"line":146,"column":40},"end":{"line":146,"column":44}}]},"18":{"loc":{"start":{"line":147,"column":19},"end":{"line":147,"column":44}},"type":"binary-expr","locations":[{"start":{"line":147,"column":19},"end":{"line":147,"column":36}},{"start":{"line":147,"column":40},"end":{"line":147,"column":44}}]},"19":{"loc":{"start":{"line":148,"column":20},"end":{"line":148,"column":45}},"type":"binary-expr","locations":[{"start":{"line":148,"column":20},"end":{"line":148,"column":37}},{"start":{"line":148,"column":41},"end":{"line":148,"column":45}}]},"20":{"loc":{"start":{"line":149,"column":19},"end":{"line":149,"column":44}},"type":"binary-expr","locations":[{"start":{"line":149,"column":19},"end":{"line":149,"column":36}},{"start":{"line":149,"column":40},"end":{"line":149,"column":44}}]},"21":{"loc":{"start":{"line":150,"column":18},"end":{"line":150,"column":43}},"type":"binary-expr","locations":[{"start":{"line":150,"column":18},"end":{"line":150,"column":35}},{"start":{"line":150,"column":39},"end":{"line":150,"column":43}}]},"22":{"loc":{"start":{"line":151,"column":17},"end":{"line":151,"column":71}},"type":"cond-expr","locations":[{"start":{"line":151,"column":49},"end":{"line":151,"column":64}},{"start":{"line":151,"column":67},"end":{"line":151,"column":71}}]},"23":{"loc":{"start":{"line":154,"column":2},"end":{"line":154,"column":25}},"type":"if","locations":[{"start":{"line":154,"column":2},"end":{"line":154,"column":25}}]},"24":{"loc":{"start":{"line":163,"column":2},"end":{"line":163,"column":25}},"type":"if","locations":[{"start":{"line":163,"column":2},"end":{"line":163,"column":25}}]},"25":{"loc":{"start":{"line":172,"column":2},"end":{"line":172,"column":25}},"type":"if","locations":[{"start":{"line":172,"column":2},"end":{"line":172,"column":25}}]},"26":{"loc":{"start":{"line":173,"column":9},"end":{"line":173,"column":19}},"type":"binary-expr","locations":[{"start":{"line":173,"column":9},"end":{"line":173,"column":13}},{"start":{"line":173,"column":17},"end":{"line":173,"column":19}}]},"27":{"loc":{"start":{"line":181,"column":2},"end":{"line":181,"column":25}},"type":"if","locations":[{"start":{"line":181,"column":2},"end":{"line":181,"column":25}}]},"28":{"loc":{"start":{"line":182,"column":9},"end":{"line":182,"column":19}},"type":"binary-expr","locations":[{"start":{"line":182,"column":9},"end":{"line":182,"column":13}},{"start":{"line":182,"column":17},"end":{"line":182,"column":19}}]},"29":{"loc":{"start":{"line":194,"column":2},"end":{"line":194,"column":48}},"type":"if","locations":[{"start":{"line":194,"column":2},"end":{"line":194,"column":48}}]},"30":{"loc":{"start":{"line":194,"column":6},"end":{"line":194,"column":36}},"type":"binary-expr","locations":[{"start":{"line":194,"column":6},"end":{"line":194,"column":21}},{"start":{"line":194,"column":25},"end":{"line":194,"column":36}}]},"31":{"loc":{"start":{"line":206,"column":2},"end":{"line":206,"column":25}},"type":"if","locations":[{"start":{"line":206,"column":2},"end":{"line":206,"column":25}}]},"32":{"loc":{"start":{"line":207,"column":9},"end":{"line":207,"column":19}},"type":"binary-expr","locations":[{"start":{"line":207,"column":9},"end":{"line":207,"column":13}},{"start":{"line":207,"column":17},"end":{"line":207,"column":19}}]},"33":{"loc":{"start":{"line":222,"column":2},"end":{"line":222,"column":72}},"type":"if","locations":[{"start":{"line":222,"column":2},"end":{"line":222,"column":72}}]},"34":{"loc":{"start":{"line":222,"column":36},"end":{"line":222,"column":70}},"type":"binary-expr","locations":[{"start":{"line":222,"column":36},"end":{"line":222,"column":46}},{"start":{"line":222,"column":50},"end":{"line":222,"column":70}}]}},"s":{"0":0,"1":0,"2":0,"3":0,"4":0,"5":0,"6":0,"7":0,"8":0,"9":0,"10":0,"11":0,"12":0,"13":0,"14":0,"15":0,"16":0,"17":0,"18":0,"19":0,"20":0,"21":0,"22":0,"23":0,"24":0,"25":0,"26":0,"27":0,"28":0,"29":0,"30":0,"31":0,"32":0,"33":0,"34":0,"35":0,"36":0,"37":0,"38":0,"39":0,"40":0,"41":0,"42":0,"43":0,"44":0,"45":0,"46":0,"47":0,"48":0,"49":0,"50":0,"51":0,"52":0,"53":0,"54":0,"55":0,"56":0,"57":0,"58":0,"59":0,"60":0,"61":0,"62":0,"63":0,"64":0,"65":0,"66":0,"67":0,"68":0,"69":0,"70":0,"71":0,"72":0,"73":0,"74":0,"75":0,"76":0,"77":0,"78":0,"79":0,"80":0},"f":{"0":0,"1":0,"2":0,"3":0,"4":0,"5":0,"6":0,"7":0,"8":0,"9":0,"10":0,"11":0,"12":0},"b":{"0":[0,0],"1":[0],"2":[0],"3":[0,0],"4":[0],"5":[0],"6":[0,0,0],"7":[0],"8":[0],"9":[0,0],"10":[0,0],"11":[0,0],"12":[0,0],"13":[0,0],"14":[0],"15":[0,0],"16":[0,0],"17":[0,0],"18":[0,0],"19":[0,0],"20":[0,0],"21":[0,0],"22":[0,0],"23":[0],"24":[0],"25":[0],"26":[0,0],"27":[0],"28":[0,0],"29":[0],"30":[0,0],"31":[0],"32":[0,0],"33":[0],"34":[0,0]}}
,"C:\\Users\\User\\000000\\vv\\code\\github\\pikMeOrig\\pikMe\\src\\api\\supabase.ts": {"path":"C:\\Users\\User\\000000\\vv\\code\\github\\pikMeOrig\\pikMe\\src\\api\\supabase.ts","statementMap":{"0":{"start":{"line":1,"column":0},"end":{"line":1,"column":53}},"1":{"start":{"line":2,"column":0},"end":{"line":2,"column":39}},"2":{"start":{"line":4,"column":20},"end":{"line":4,"column":100}},"3":{"start":{"line":5,"column":24},"end":{"line":5,"column":113}},"4":{"start":{"line":7,"column":0},"end":{"line":12,"column":1}},"5":{"start":{"line":8,"column":2},"end":{"line":11,"column":4}},"6":{"start":{"line":14,"column":13},"end":{"line":20,"column":3}}},"fnMap":{},"branchMap":{"0":{"loc":{"start":{"line":4,"column":20},"end":{"line":4,"column":100}},"type":"binary-expr","locations":[{"start":{"line":4,"column":20},"end":{"line":4,"column":60}},{"start":{"line":4,"column":64},"end":{"line":4,"column":100}}]},"1":{"loc":{"start":{"line":5,"column":24},"end":{"line":5,"column":113}},"type":"binary-expr","locations":[{"start":{"line":5,"column":24},"end":{"line":5,"column":68}},{"start":{"line":5,"column":72},"end":{"line":5,"column":113}}]},"2":{"loc":{"start":{"line":7,"column":0},"end":{"line":12,"column":1}},"type":"if","locations":[{"start":{"line":7,"column":0},"end":{"line":12,"column":1}}]},"3":{"loc":{"start":{"line":7,"column":4},"end":{"line":7,"column":36}},"type":"binary-expr","locations":[{"start":{"line":7,"column":4},"end":{"line":7,"column":16}},{"start":{"line":7,"column":20},"end":{"line":7,"column":36}}]}},"s":{"0":0,"1":0,"2":0,"3":0,"4":0,"5":0,"6":0},"f":{},"b":{"0":[0,0],"1":[0,0],"2":[0],"3":[0,0]}}
,"C:\\Users\\User\\000000\\vv\\code\\github\\pikMeOrig\\pikMe\\src\\constants\\apiKeys.ts": {"path":"C:\\Users\\User\\000000\\vv\\code\\github\\pikMeOrig\\pikMe\\src\\constants\\apiKeys.ts","statementMap":{"0":{"start":{"line":1,"column":13},"end":{"line":1,"column":85}}},"fnMap":{},"branchMap":{"0":{"loc":{"start":{"line":1,"column":37},"end":{"line":1,"column":84}},"type":"binary-expr","locations":[{"start":{"line":1,"column":37},"end":{"line":1,"column":78}},{"start":{"line":1,"column":82},"end":{"line":1,"column":84}}]}},"s":{"0":0},"f":{},"b":{"0":[0,0]}}
,"C:\\Users\\User\\000000\\vv\\code\\github\\pikMeOrig\\pikMe\\src\\constants\\brandTheme.ts": {"path":"C:\\Users\\User\\000000\\vv\\code\\github\\pikMeOrig\\pikMe\\src\\constants\\brandTheme.ts","statementMap":{"0":{"start":{"line":6,"column":13},"end":{"line":30,"column":2}},"1":{"start":{"line":32,"column":13},"end":{"line":40,"column":2}},"2":{"start":{"line":42,"column":13},"end":{"line":48,"column":2}},"3":{"start":{"line":50,"column":13},"end":{"line":72,"column":2}},"4":{"start":{"line":74,"column":13},"end":{"line":105,"column":2}}},"fnMap":{},"branchMap":{},"s":{"0":0,"1":0,"2":0,"3":0,"4":0},"f":{},"b":{}}
,"C:\\Users\\User\\000000\\vv\\code\\github\\pikMeOrig\\pikMe\\src\\constants\\dietaryOptions.ts": {"path":"C:\\Users\\User\\000000\\vv\\code\\github\\pikMeOrig\\pikMe\\src\\constants\\dietaryOptions.ts","statementMap":{"0":{"start":{"line":1,"column":13},"end":{"line":9,"column":11}},"1":{"start":{"line":11,"column":13},"end":{"line":19,"column":11}},"2":{"start":{"line":21,"column":13},"end":{"line":42,"column":11}}},"fnMap":{},"branchMap":{},"s":{"0":0,"1":0,"2":0},"f":{},"b":{}}
,"C:\\Users\\User\\000000\\vv\\code\\github\\pikMeOrig\\pikMe\\src\\constants\\prompts.ts": {"path":"C:\\Users\\User\\000000\\vv\\code\\github\\pikMeOrig\\pikMe\\src\\constants\\prompts.ts","statementMap":{"0":{"start":{"line":1,"column":13},"end":{"line":44,"column":2}},"1":{"start":{"line":31,"column":4},"end":{"line":43,"column":null}}},"fnMap":{"0":{"name":"(anonymous_0)","decl":{"start":{"line":30,"column":8},"end":{"line":30,"column":9}},"loc":{"start":{"line":31,"column":4},"end":{"line":43,"column":null}}}},"branchMap":{},"s":{"0":0,"1":0},"f":{"0":0},"b":{}}
,"C:\\Users\\User\\000000\\vv\\code\\github\\pikMeOrig\\pikMe\\src\\engine\\recommendation.ts": {"path":"C:\\Users\\User\\000000\\vv\\code\\github\\pikMeOrig\\pikMe\\src\\engine\\recommendation.ts","statementMap":{"0":{"start":{"line":191,"column":0},"end":{"line":191,"column":16}},"1":{"start":{"line":4,"column":18},"end":{"line":4,"column":21}},"2":{"start":{"line":5,"column":16},"end":{"line":5,"column":20}},"3":{"start":{"line":6,"column":22},"end":{"line":6,"column":24}},"4":{"start":{"line":7,"column":20},"end":{"line":7,"column":21}},"5":{"start":{"line":8,"column":20},"end":{"line":8,"column":22}},"6":{"start":{"line":9,"column":18},"end":{"line":9,"column":20}},"7":{"start":{"line":10,"column":21},"end":{"line":10,"column":24}},"8":{"start":{"line":11,"column":19},"end":{"line":11,"column":23}},"9":{"start":{"line":12,"column":21},"end":{"line":12,"column":22}},"10":{"start":{"line":13,"column":19},"end":{"line":13,"column":21}},"11":{"start":{"line":18,"column":2},"end":{"line":18,"column":30}},"12":{"start":{"line":18,"column":21},"end":{"line":18,"column":30}},"13":{"start":{"line":19,"column":2},"end":{"line":19,"column":29}},"14":{"start":{"line":19,"column":20},"end":{"line":19,"column":29}},"15":{"start":{"line":20,"column":2},"end":{"line":20,"column":43}},"16":{"start":{"line":24,"column":2},"end":{"line":24,"column":30}},"17":{"start":{"line":24,"column":21},"end":{"line":24,"column":30}},"18":{"start":{"line":25,"column":2},"end":{"line":25,"column":29}},"19":{"start":{"line":25,"column":20},"end":{"line":25,"column":29}},"20":{"start":{"line":26,"column":2},"end":{"line":26,"column":38}},"21":{"start":{"line":41,"column":21},"end":{"line":41,"column":93}},"22":{"start":{"line":42,"column":2},"end":{"line":49,"column":3}},"23":{"start":{"line":43,"column":4},"end":{"line":43,"column":68}},"24":{"start":{"line":43,"column":35},"end":{"line":43,"column":48}},"25":{"start":{"line":43,"column":49},"end":{"line":43,"column":66}},"26":{"start":{"line":44,"column":4},"end":{"line":44,"column":52}},"27":{"start":{"line":44,"column":35},"end":{"line":44,"column":50}},"28":{"start":{"line":45,"column":4},"end":{"line":45,"column":70}},"29":{"start":{"line":45,"column":35},"end":{"line":45,"column":51}},"30":{"start":{"line":45,"column":52},"end":{"line":45,"column":68}},"31":{"start":{"line":46,"column":4},"end":{"line":46,"column":54}},"32":{"start":{"line":46,"column":35},"end":{"line":46,"column":52}},"33":{"start":{"line":47,"column":4},"end":{"line":47,"column":53}},"34":{"start":{"line":47,"column":35},"end":{"line":47,"column":51}},"35":{"start":{"line":48,"column":4},"end":{"line":48,"column":54}},"36":{"start":{"line":48,"column":37},"end":{"line":48,"column":52}},"37":{"start":{"line":50,"column":2},"end":{"line":50,"column":11}},"38":{"start":{"line":56,"column":2},"end":{"line":56,"column":90}},"39":{"start":{"line":58,"column":2},"end":{"line":58,"column":56}},"40":{"start":{"line":60,"column":2},"end":{"line":60,"column":81}},"41":{"start":{"line":62,"column":2},"end":{"line":62,"column":24}},"42":{"start":{"line":70,"column":15},"end":{"line":70,"column":38}},"43":{"start":{"line":71,"column":14},"end":{"line":71,"column":37}},"44":{"start":{"line":74,"column":2},"end":{"line":74,"column":83}},"45":{"start":{"line":74,"column":70},"end":{"line":74,"column":83}},"46":{"start":{"line":77,"column":2},"end":{"line":77,"column":79}},"47":{"start":{"line":77,"column":66},"end":{"line":77,"column":79}},"48":{"start":{"line":78,"column":2},"end":{"line":78,"column":89}},"49":{"start":{"line":78,"column":76},"end":{"line":78,"column":89}},"50":{"start":{"line":79,"column":2},"end":{"line":79,"column":86}},"51":{"start":{"line":79,"column":73},"end":{"line":79,"column":86}},"52":{"start":{"line":80,"column":2},"end":{"line":80,"column":79}},"53":{"start":{"line":80,"column":66},"end":{"line":80,"column":79}},"54":{"start":{"line":83,"column":2},"end":{"line":85,"column":3}},"55":{"start":{"line":84,"column":4},"end":{"line":84,"column":72}},"56":{"start":{"line":84,"column":59},"end":{"line":84,"column":72}},"57":{"start":{"line":87,"column":2},"end":{"line":87,"column":14}},"58":{"start":{"line":96,"column":16},"end":{"line":96,"column":67}},"59":{"start":{"line":96,"column":51},"end":{"line":96,"column":66}},"60":{"start":{"line":97,"column":2},"end":{"line":97,"column":67}},"61":{"start":{"line":97,"column":33},"end":{"line":97,"column":65}},"62":{"start":{"line":97,"column":51},"end":{"line":97,"column":64}},"63":{"start":{"line":110,"column":12},"end":{"line":110,"column":26}},"64":{"start":{"line":111,"column":18},"end":{"line":111,"column":42}},"65":{"start":{"line":113,"column":21},"end":{"line":113,"column":61}},"66":{"start":{"line":114,"column":21},"end":{"line":114,"column":71}},"67":{"start":{"line":115,"column":21},"end":{"line":115,"column":69}},"68":{"start":{"line":116,"column":21},"end":{"line":116,"column":68}},"69":{"start":{"line":117,"column":21},"end":{"line":117,"column":73}},"70":{"start":{"line":118,"column":21},"end":{"line":118,"column":43}},"71":{"start":{"line":121,"column":4},"end":{"line":121,"column":101}},"72":{"start":{"line":124,"column":4},"end":{"line":130,"column":15}},"73":{"start":{"line":132,"column":16},"end":{"line":132,"column":42}},"74":{"start":{"line":135,"column":28},"end":{"line":135,"column":30}},"75":{"start":{"line":136,"column":2},"end":{"line":136,"column":52}},"76":{"start":{"line":136,"column":24},"end":{"line":136,"column":52}},"77":{"start":{"line":137,"column":2},"end":{"line":137,"column":54}},"78":{"start":{"line":137,"column":25},"end":{"line":137,"column":54}},"79":{"start":{"line":138,"column":2},"end":{"line":138,"column":52}},"80":{"start":{"line":138,"column":27},"end":{"line":138,"column":52}},"81":{"start":{"line":139,"column":2},"end":{"line":139,"column":52}},"82":{"start":{"line":139,"column":25},"end":{"line":139,"column":52}},"83":{"start":{"line":140,"column":2},"end":{"line":140,"column":62}},"84":{"start":{"line":140,"column":28},"end":{"line":140,"column":62}},"85":{"start":{"line":141,"column":2},"end":{"line":141,"column":63}},"86":{"start":{"line":141,"column":20},"end":{"line":141,"column":63}},"87":{"start":{"line":142,"column":2},"end":{"line":144,"column":3}},"88":{"start":{"line":143,"column":4},"end":{"line":143,"column":42}},"89":{"start":{"line":150,"column":16},"end":{"line":150,"column":41}},"90":{"start":{"line":151,"column":18},"end":{"line":151,"column":78}},"91":{"start":{"line":151,"column":61},"end":{"line":151,"column":78}},"92":{"start":{"line":153,"column":29},"end":{"line":153,"column":31}},"93":{"start":{"line":155,"column":2},"end":{"line":157,"column":3}},"94":{"start":{"line":156,"column":4},"end":{"line":156,"column":34}},"95":{"start":{"line":159,"column":26},"end":{"line":159,"column":75}},"96":{"start":{"line":160,"column":2},"end":{"line":166,"column":3}},"97":{"start":{"line":165,"column":4},"end":{"line":165,"column":33}},"98":{"start":{"line":168,"column":26},"end":{"line":168,"column":50}},"99":{"start":{"line":169,"column":2},"end":{"line":175,"column":3}},"100":{"start":{"line":174,"column":4},"end":{"line":174,"column":40}},"101":{"start":{"line":177,"column":24},"end":{"line":177,"column":75}},"102":{"start":{"line":178,"column":2},"end":{"line":184,"column":3}},"103":{"start":{"line":183,"column":4},"end":{"line":183,"column":32}},"104":{"start":{"line":186,"column":2},"end":{"line":186,"column":72}},"105":{"start":{"line":196,"column":18},"end":{"line":196,"column":49}},"106":{"start":{"line":197,"column":23},"end":{"line":197,"column":78}},"107":{"start":{"line":198,"column":18},"end":{"line":198,"column":48}},"108":{"start":{"line":199,"column":20},"end":{"line":199,"column":43}},"109":{"start":{"line":200,"column":23},"end":{"line":200,"column":56}},"110":{"start":{"line":202,"column":17},"end":{"line":203,"column":null}},"111":{"start":{"line":203,"column":4},"end":{"line":203,"column":61}},"112":{"start":{"line":206,"column":2},"end":{"line":212,"column":48}},"113":{"start":{"line":208,"column":6},"end":{"line":208,"column":82}},"114":{"start":{"line":210,"column":20},"end":{"line":210,"column":37}},"115":{"start":{"line":212,"column":22},"end":{"line":212,"column":45}}},"fnMap":{"0":{"name":"scoreLow","decl":{"start":{"line":17,"column":9},"end":{"line":17,"column":17}},"loc":{"start":{"line":17,"column":58},"end":{"line":21,"column":1}}},"1":{"name":"scoreHigh","decl":{"start":{"line":23,"column":9},"end":{"line":23,"column":18}},"loc":{"start":{"line":23,"column":59},"end":{"line":27,"column":1}}},"2":{"name":"getWeights","decl":{"start":{"line":40,"column":9},"end":{"line":40,"column":19}},"loc":{"start":{"line":40,"column":53},"end":{"line":51,"column":1}}},"3":{"name":"passesHardFilters","decl":{"start":{"line":64,"column":9},"end":{"line":64,"column":26}},"loc":{"start":{"line":68,"column":27},"end":{"line":88,"column":1}}},"4":{"name":"hasCuisineMatch","decl":{"start":{"line":92,"column":9},"end":{"line":92,"column":24}},"loc":{"start":{"line":94,"column":48},"end":{"line":98,"column":1}}},"5":{"name":"(anonymous_5)","decl":{"start":{"line":96,"column":44},"end":{"line":96,"column":45}},"loc":{"start":{"line":96,"column":51},"end":{"line":96,"column":66}}},"6":{"name":"(anonymous_6)","decl":{"start":{"line":97,"column":26},"end":{"line":97,"column":27}},"loc":{"start":{"line":97,"column":33},"end":{"line":97,"column":65}}},"7":{"name":"(anonymous_7)","decl":{"start":{"line":97,"column":44},"end":{"line":97,"column":45}},"loc":{"start":{"line":97,"column":51},"end":{"line":97,"column":64}}},"8":{"name":"buildRecommendation","decl":{"start":{"line":102,"column":9},"end":{"line":102,"column":28}},"loc":{"start":{"line":108,"column":14},"end":{"line":187,"column":1}}},"9":{"name":"(anonymous_9)","decl":{"start":{"line":151,"column":18},"end":{"line":151,"column":19}},"loc":{"start":{"line":151,"column":61},"end":{"line":151,"column":78}}},"10":{"name":"scoreAndRankItems","decl":{"start":{"line":191,"column":16},"end":{"line":191,"column":33}},"loc":{"start":{"line":194,"column":24},"end":{"line":213,"column":1}}},"11":{"name":"(anonymous_11)","decl":{"start":{"line":202,"column":30},"end":{"line":202,"column":31}},"loc":{"start":{"line":203,"column":4},"end":{"line":203,"column":61}}},"12":{"name":"(anonymous_12)","decl":{"start":{"line":207,"column":9},"end":{"line":207,"column":10}},"loc":{"start":{"line":208,"column":6},"end":{"line":208,"column":82}}},"13":{"name":"(anonymous_13)","decl":{"start":{"line":210,"column":10},"end":{"line":210,"column":11}},"loc":{"start":{"line":210,"column":20},"end":{"line":210,"column":37}}},"14":{"name":"(anonymous_14)","decl":{"start":{"line":212,"column":9},"end":{"line":212,"column":10}},"loc":{"start":{"line":212,"column":22},"end":{"line":212,"column":45}}}},"branchMap":{"0":{"loc":{"start":{"line":18,"column":2},"end":{"line":18,"column":30}},"type":"if","locations":[{"start":{"line":18,"column":2},"end":{"line":18,"column":30}}]},"1":{"loc":{"start":{"line":19,"column":2},"end":{"line":19,"column":29}},"type":"if","locations":[{"start":{"line":19,"column":2},"end":{"line":19,"column":29}}]},"2":{"loc":{"start":{"line":24,"column":2},"end":{"line":24,"column":30}},"type":"if","locations":[{"start":{"line":24,"column":2},"end":{"line":24,"column":30}}]},"3":{"loc":{"start":{"line":25,"column":2},"end":{"line":25,"column":29}},"type":"if","locations":[{"start":{"line":25,"column":2},"end":{"line":25,"column":29}}]},"4":{"loc":{"start":{"line":43,"column":4},"end":{"line":43,"column":68}},"type":"if","locations":[{"start":{"line":43,"column":4},"end":{"line":43,"column":68}}]},"5":{"loc":{"start":{"line":44,"column":4},"end":{"line":44,"column":52}},"type":"if","locations":[{"start":{"line":44,"column":4},"end":{"line":44,"column":52}}]},"6":{"loc":{"start":{"line":45,"column":4},"end":{"line":45,"column":70}},"type":"if","locations":[{"start":{"line":45,"column":4},"end":{"line":45,"column":70}}]},"7":{"loc":{"start":{"line":46,"column":4},"end":{"line":46,"column":54}},"type":"if","locations":[{"start":{"line":46,"column":4},"end":{"line":46,"column":54}}]},"8":{"loc":{"start":{"line":47,"column":4},"end":{"line":47,"column":53}},"type":"if","locations":[{"start":{"line":47,"column":4},"end":{"line":47,"column":53}}]},"9":{"loc":{"start":{"line":48,"column":4},"end":{"line":48,"column":54}},"type":"if","locations":[{"start":{"line":48,"column":4},"end":{"line":48,"column":54}}]},"10":{"loc":{"start":{"line":74,"column":2},"end":{"line":74,"column":83}},"type":"if","locations":[{"start":{"line":74,"column":2},"end":{"line":74,"column":83}}]},"11":{"loc":{"start":{"line":74,"column":6},"end":{"line":74,"column":68}},"type":"binary-expr","locations":[{"start":{"line":74,"column":6},"end":{"line":74,"column":29}},{"start":{"line":74,"column":33},"end":{"line":74,"column":68}}]},"12":{"loc":{"start":{"line":77,"column":2},"end":{"line":77,"column":79}},"type":"if","locations":[{"start":{"line":77,"column":2},"end":{"line":77,"column":79}}]},"13":{"loc":{"start":{"line":77,"column":6},"end":{"line":77,"column":64}},"type":"binary-expr","locations":[{"start":{"line":77,"column":6},"end":{"line":77,"column":36}},{"start":{"line":77,"column":40},"end":{"line":77,"column":64}}]},"14":{"loc":{"start":{"line":78,"column":2},"end":{"line":78,"column":89}},"type":"if","locations":[{"start":{"line":78,"column":2},"end":{"line":78,"column":89}}]},"15":{"loc":{"start":{"line":78,"column":6},"end":{"line":78,"column":74}},"type":"binary-expr","locations":[{"start":{"line":78,"column":6},"end":{"line":78,"column":41}},{"start":{"line":78,"column":45},"end":{"line":78,"column":74}}]},"16":{"loc":{"start":{"line":79,"column":2},"end":{"line":79,"column":86}},"type":"if","locations":[{"start":{"line":79,"column":2},"end":{"line":79,"column":86}}]},"17":{"loc":{"start":{"line":79,"column":6},"end":{"line":79,"column":71}},"type":"binary-expr","locations":[{"start":{"line":79,"column":6},"end":{"line":79,"column":42}},{"start":{"line":79,"column":46},"end":{"line":79,"column":71}}]},"18":{"loc":{"start":{"line":80,"column":2},"end":{"line":80,"column":79}},"type":"if","locations":[{"start":{"line":80,"column":2},"end":{"line":80,"column":79}}]},"19":{"loc":{"start":{"line":80,"column":6},"end":{"line":80,"column":64}},"type":"binary-expr","locations":[{"start":{"line":80,"column":6},"end":{"line":80,"column":36}},{"start":{"line":80,"column":40},"end":{"line":80,"column":64}}]},"20":{"loc":{"start":{"line":84,"column":4},"end":{"line":84,"column":72}},"type":"if","locations":[{"start":{"line":84,"column":4},"end":{"line":84,"column":72}}]},"21":{"loc":{"start":{"line":84,"column":8},"end":{"line":84,"column":57}},"type":"binary-expr","locations":[{"start":{"line":84,"column":8},"end":{"line":84,"column":16}},{"start":{"line":84,"column":20},"end":{"line":84,"column":57}}]},"22":{"loc":{"start":{"line":118,"column":21},"end":{"line":118,"column":43}},"type":"cond-expr","locations":[{"start":{"line":118,"column":36},"end":{"line":118,"column":37}},{"start":{"line":118,"column":40},"end":{"line":118,"column":43}}]},"23":{"loc":{"start":{"line":136,"column":2},"end":{"line":136,"column":52}},"type":"if","locations":[{"start":{"line":136,"column":2},"end":{"line":136,"column":52}}]},"24":{"loc":{"start":{"line":137,"column":2},"end":{"line":137,"column":54}},"type":"if","locations":[{"start":{"line":137,"column":2},"end":{"line":137,"column":54}}]},"25":{"loc":{"start":{"line":138,"column":2},"end":{"line":138,"column":52}},"type":"if","locations":[{"start":{"line":138,"column":2},"end":{"line":138,"column":52}}]},"26":{"loc":{"start":{"line":139,"column":2},"end":{"line":139,"column":52}},"type":"if","locations":[{"start":{"line":139,"column":2},"end":{"line":139,"column":52}}]},"27":{"loc":{"start":{"line":140,"column":2},"end":{"line":140,"column":62}},"type":"if","locations":[{"start":{"line":140,"column":2},"end":{"line":140,"column":62}}]},"28":{"loc":{"start":{"line":141,"column":2},"end":{"line":141,"column":63}},"type":"if","locations":[{"start":{"line":141,"column":2},"end":{"line":141,"column":63}}]},"29":{"loc":{"start":{"line":142,"column":2},"end":{"line":144,"column":3}},"type":"if","locations":[{"start":{"line":142,"column":2},"end":{"line":144,"column":3}}]},"30":{"loc":{"start":{"line":142,"column":6},"end":{"line":142,"column":70}},"type":"binary-expr","locations":[{"start":{"line":142,"column":6},"end":{"line":142,"column":29}},{"start":{"line":142,"column":33},"end":{"line":142,"column":70}}]},"31":{"loc":{"start":{"line":150,"column":16},"end":{"line":150,"column":41}},"type":"binary-expr","locations":[{"start":{"line":150,"column":16},"end":{"line":150,"column":35}},{"start":{"line":150,"column":39},"end":{"line":150,"column":41}}]},"32":{"loc":{"start":{"line":155,"column":2},"end":{"line":157,"column":3}},"type":"if","locations":[{"start":{"line":155,"column":2},"end":{"line":157,"column":3}}]},"33":{"loc":{"start":{"line":155,"column":6},"end":{"line":155,"column":91}},"type":"binary-expr","locations":[{"start":{"line":155,"column":6},"end":{"line":155,"column":22}},{"start":{"line":155,"column":27},"end":{"line":155,"column":50}},{"start":{"line":155,"column":54},"end":{"line":155,"column":90}}]},"34":{"loc":{"start":{"line":159,"column":26},"end":{"line":159,"column":75}},"type":"binary-expr","locations":[{"start":{"line":159,"column":26},"end":{"line":159,"column":47}},{"start":{"line":159,"column":51},"end":{"line":159,"column":75}}]},"35":{"loc":{"start":{"line":160,"column":2},"end":{"line":166,"column":3}},"type":"if","locations":[{"start":{"line":160,"column":2},"end":{"line":166,"column":3}}]},"36":{"loc":{"start":{"line":161,"column":4},"end":{"line":163,"column":42}},"type":"binary-expr","locations":[{"start":{"line":161,"column":4},"end":{"line":161,"column":22}},{"start":{"line":162,"column":5},"end":{"line":162,"column":25}},{"start":{"line":162,"column":29},"end":{"line":162,"column":63}},{"start":{"line":163,"column":5},"end":{"line":163,"column":20}},{"start":{"line":163,"column":24},"end":{"line":163,"column":41}}]},"37":{"loc":{"start":{"line":169,"column":2},"end":{"line":175,"column":3}},"type":"if","locations":[{"start":{"line":169,"column":2},"end":{"line":175,"column":3}}]},"38":{"loc":{"start":{"line":170,"column":4},"end":{"line":172,"column":45}},"type":"binary-expr","locations":[{"start":{"line":170,"column":4},"end":{"line":170,"column":25}},{"start":{"line":171,"column":5},"end":{"line":171,"column":30}},{"start":{"line":171,"column":34},"end":{"line":171,"column":78}},{"start":{"line":172,"column":5},"end":{"line":172,"column":20}},{"start":{"line":172,"column":24},"end":{"line":172,"column":44}}]},"39":{"loc":{"start":{"line":177,"column":24},"end":{"line":177,"column":75}},"type":"binary-expr","locations":[{"start":{"line":177,"column":24},"end":{"line":177,"column":43}},{"start":{"line":177,"column":47},"end":{"line":177,"column":75}}]},"40":{"loc":{"start":{"line":178,"column":2},"end":{"line":184,"column":3}},"type":"if","locations":[{"start":{"line":178,"column":2},"end":{"line":184,"column":3}}]},"41":{"loc":{"start":{"line":179,"column":4},"end":{"line":181,"column":42}},"type":"binary-expr","locations":[{"start":{"line":179,"column":4},"end":{"line":179,"column":23}},{"start":{"line":180,"column":5},"end":{"line":180,"column":23}},{"start":{"line":180,"column":27},"end":{"line":180,"column":62}},{"start":{"line":181,"column":5},"end":{"line":181,"column":18}},{"start":{"line":181,"column":22},"end":{"line":181,"column":41}}]},"42":{"loc":{"start":{"line":198,"column":18},"end":{"line":198,"column":48}},"type":"binary-expr","locations":[{"start":{"line":198,"column":18},"end":{"line":198,"column":42}},{"start":{"line":198,"column":46},"end":{"line":198,"column":48}}]},"43":{"loc":{"start":{"line":199,"column":20},"end":{"line":199,"column":43}},"type":"binary-expr","locations":[{"start":{"line":199,"column":20},"end":{"line":199,"column":37}},{"start":{"line":199,"column":41},"end":{"line":199,"column":43}}]},"44":{"loc":{"start":{"line":200,"column":23},"end":{"line":200,"column":56}},"type":"binary-expr","locations":[{"start":{"line":200,"column":23},"end":{"line":200,"column":50}},{"start":{"line":200,"column":54},"end":{"line":200,"column":56}}]}},"s":{"0":1,"1":1,"2":1,"3":1,"4":1,"5":1,"6":1,"7":1,"8":1,"9":1,"10":1,"11":124,"12":100,"13":24,"14":11,"15":13,"16":31,"17":31,"18":0,"19":0,"20":0,"21":8,"22":8,"23":1,"24":0,"25":0,"26":1,"27":0,"28":1,"29":0,"30":0,"31":1,"32":0,"33":1,"34":1,"35":1,"36":0,"37":8,"38":1,"39":1,"40":1,"41":1,"42":35,"43":35,"44":35,"45":1,"46":34,"47":2,"48":32,"49":0,"50":32,"51":0,"52":32,"53":0,"54":32,"55":2,"56":1,"57":31,"58":8,"59":8,"60":8,"61":1,"62":1,"63":31,"64":31,"65":31,"66":31,"67":31,"68":31,"69":31,"70":31,"71":31,"72":31,"73":31,"74":31,"75":31,"76":6,"77":31,"78":31,"79":31,"80":31,"81":31,"82":30,"83":31,"84":31,"85":31,"86":1,"87":31,"88":0,"89":31,"90":31,"91":154,"92":31,"93":31,"94":15,"95":31,"96":31,"97":1,"98":31,"99":31,"100":0,"101":31,"102":31,"103":0,"104":31,"105":8,"106":8,"107":8,"108":8,"109":8,"110":8,"111":35,"112":8,"113":31,"114":24,"115":26},"f":{"0":124,"1":31,"2":8,"3":35,"4":8,"5":8,"6":1,"7":1,"8":31,"9":154,"10":8,"11":35,"12":31,"13":24,"14":26},"b":{"0":[100],"1":[11],"2":[31],"3":[0],"4":[0],"5":[0],"6":[0],"7":[0],"8":[1],"9":[0],"10":[1],"11":[35,2],"12":[2],"13":[34,3],"14":[0],"15":[32,0],"16":[0],"17":[32,0],"18":[0],"19":[32,0],"20":[1],"21":[2,2],"22":[1,30],"23":[6],"24":[31],"25":[31],"26":[30],"27":[31],"28":[1],"29":[0],"30":[31,1],"31":[31,0],"32":[15],"33":[31,17,1],"34":[31,30],"35":[1],"36":[31,31,0,31,1],"37":[0],"38":[31,31,0,31,0],"39":[31,31],"40":[0],"41":[31,31,0,31,0],"42":[8,0],"43":[8,0],"44":[8,0]}}
,"C:\\Users\\User\\000000\\vv\\code\\github\\pikMeOrig\\pikMe\\src\\hooks\\useChat.ts": {"path":"C:\\Users\\User\\000000\\vv\\code\\github\\pikMeOrig\\pikMe\\src\\hooks\\useChat.ts","statementMap":{"0":{"start":{"line":7,"column":0},"end":{"line":7,"column":16}},"1":{"start":{"line":1,"column":0},"end":{"line":1,"column":36}},"2":{"start":{"line":2,"column":0},"end":{"line":2,"column":50}},"3":{"start":{"line":3,"column":0},"end":{"line":3,"column":50}},"4":{"start":{"line":4,"column":0},"end":{"line":4,"column":62}},"5":{"start":{"line":5,"column":0},"end":{"line":5,"column":51}},"6":{"start":{"line":8,"column":65},"end":{"line":8,"column":79}},"7":{"start":{"line":9,"column":28},"end":{"line":9,"column":44}},"8":{"start":{"line":10,"column":22},"end":{"line":10,"column":62}},"9":{"start":{"line":10,"column":48},"end":{"line":10,"column":61}},"10":{"start":{"line":12,"column":22},"end":{"line":42,"column":63}},"11":{"start":{"line":13,"column":4},"end":{"line":13,"column":54}},"12":{"start":{"line":13,"column":47},"end":{"line":13,"column":54}},"13":{"start":{"line":15,"column":4},"end":{"line":20,"column":7}},"14":{"start":{"line":21,"column":4},"end":{"line":21,"column":21}},"15":{"start":{"line":23,"column":4},"end":{"line":41,"column":5}},"16":{"start":{"line":24,"column":26},"end":{"line":24,"column":69}},"17":{"start":{"line":24,"column":62},"end":{"line":24,"column":68}},"18":{"start":{"line":25,"column":23},"end":{"line":25,"column":79}},"19":{"start":{"line":26,"column":6},"end":{"line":31,"column":9}},"20":{"start":{"line":33,"column":6},"end":{"line":38,"column":9}},"21":{"start":{"line":40,"column":6},"end":{"line":40,"column":24}},"22":{"start":{"line":44,"column":2},"end":{"line":44,"column":76}}},"fnMap":{"0":{"name":"useChat","decl":{"start":{"line":7,"column":16},"end":{"line":7,"column":23}},"loc":{"start":{"line":7,"column":23},"end":{"line":45,"column":1}}},"1":{"name":"(anonymous_1)","decl":{"start":{"line":10,"column":41},"end":{"line":10,"column":42}},"loc":{"start":{"line":10,"column":48},"end":{"line":10,"column":61}}},"2":{"name":"(anonymous_2)","decl":{"start":{"line":12,"column":34},"end":{"line":12,"column":39}},"loc":{"start":{"line":12,"column":57},"end":{"line":42,"column":3}}},"3":{"name":"(anonymous_3)","decl":{"start":{"line":24,"column":55},"end":{"line":24,"column":56}},"loc":{"start":{"line":24,"column":62},"end":{"line":24,"column":68}}}},"branchMap":{"0":{"loc":{"start":{"line":13,"column":4},"end":{"line":13,"column":54}},"type":"if","locations":[{"start":{"line":13,"column":4},"end":{"line":13,"column":54}}]},"1":{"loc":{"start":{"line":13,"column":8},"end":{"line":13,"column":45}},"type":"binary-expr","locations":[{"start":{"line":13,"column":8},"end":{"line":13,"column":20}},{"start":{"line":13,"column":24},"end":{"line":13,"column":33}},{"start":{"line":13,"column":37},"end":{"line":13,"column":45}}]}},"s":{"0":0,"1":0,"2":0,"3":0,"4":0,"5":0,"6":0,"7":0,"8":0,"9":0,"10":0,"11":0,"12":0,"13":0,"14":0,"15":0,"16":0,"17":0,"18":0,"19":0,"20":0,"21":0,"22":0},"f":{"0":0,"1":0,"2":0,"3":0},"b":{"0":[0],"1":[0,0,0]}}
,"C:\\Users\\User\\000000\\vv\\code\\github\\pikMeOrig\\pikMe\\src\\hooks\\useLocation.ts": {"path":"C:\\Users\\User\\000000\\vv\\code\\github\\pikMeOrig\\pikMe\\src\\hooks\\useLocation.ts","statementMap":{"0":{"start":{"line":10,"column":0},"end":{"line":10,"column":16}},"1":{"start":{"line":1,"column":0},"end":{"line":1,"column":44}},"2":{"start":{"line":2,"column":0},"end":{"line":2,"column":42}},"3":{"start":{"line":3,"column":0},"end":{"line":3,"column":62}},"4":{"start":{"line":11,"column":34},"end":{"line":11,"column":63}},"5":{"start":{"line":12,"column":28},"end":{"line":12,"column":57}},"6":{"start":{"line":13,"column":32},"end":{"line":13,"column":46}},"7":{"start":{"line":14,"column":26},"end":{"line":14,"column":70}},"8":{"start":{"line":14,"column":52},"end":{"line":14,"column":69}},"9":{"start":{"line":17,"column":4},"end":{"line":17,"column":21}},"10":{"start":{"line":18,"column":4},"end":{"line":18,"column":19}},"11":{"start":{"line":19,"column":4},"end":{"line":36,"column":5}},"12":{"start":{"line":20,"column":25},"end":{"line":20,"column":75}},"13":{"start":{"line":21,"column":6},"end":{"line":25,"column":7}},"14":{"start":{"line":22,"column":8},"end":{"line":22,"column":71}},"15":{"start":{"line":23,"column":8},"end":{"line":23,"column":26}},"16":{"start":{"line":24,"column":8},"end":{"line":24,"column":15}},"17":{"start":{"line":26,"column":18},"end":{"line":28,"column":8}},"18":{"start":{"line":29,"column":21},"end":{"line":29,"column":87}},"19":{"start":{"line":30,"column":6},"end":{"line":30,"column":26}},"20":{"start":{"line":31,"column":6},"end":{"line":31,"column":30}},"21":{"start":{"line":33,"column":6},"end":{"line":33,"column":57}},"22":{"start":{"line":35,"column":6},"end":{"line":35,"column":24}},"23":{"start":{"line":39,"column":2},"end":{"line":60,"column":9}},"24":{"start":{"line":40,"column":52},"end":{"line":40,"column":56}},"25":{"start":{"line":43,"column":6},"end":{"line":43,"column":30}},"26":{"start":{"line":44,"column":6},"end":{"line":55,"column":7}},"27":{"start":{"line":45,"column":8},"end":{"line":52,"column":10}},"28":{"start":{"line":48,"column":27},"end":{"line":48,"column":93}},"29":{"start":{"line":49,"column":12},"end":{"line":49,"column":32}},"30":{"start":{"line":50,"column":12},"end":{"line":50,"column":36}},"31":{"start":{"line":58,"column":4},"end":{"line":58,"column":12}},"32":{"start":{"line":59,"column":4},"end":{"line":59,"column":36}},"33":{"start":{"line":59,"column":19},"end":{"line":59,"column":33}},"34":{"start":{"line":62,"column":2},"end":{"line":62,"column":64}}},"fnMap":{"0":{"name":"useLocation","decl":{"start":{"line":10,"column":16},"end":{"line":10,"column":27}},"loc":{"start":{"line":10,"column":27},"end":{"line":63,"column":1}}},"1":{"name":"(anonymous_10)","decl":{"start":{"line":14,"column":45},"end":{"line":14,"column":46}},"loc":{"start":{"line":14,"column":52},"end":{"line":14,"column":69}}},"2":{"name":"requestLocation","decl":{"start":{"line":16,"column":17},"end":{"line":16,"column":32}},"loc":{"start":{"line":16,"column":32},"end":{"line":37,"column":3}}},"3":{"name":"(anonymous_12)","decl":{"start":{"line":39,"column":12},"end":{"line":39,"column":15}},"loc":{"start":{"line":39,"column":17},"end":{"line":60,"column":3}}},"4":{"name":"start","decl":{"start":{"line":42,"column":19},"end":{"line":42,"column":24}},"loc":{"start":{"line":42,"column":24},"end":{"line":56,"column":5}}},"5":{"name":"(anonymous_14)","decl":{"start":{"line":47,"column":10},"end":{"line":47,"column":11}},"loc":{"start":{"line":47,"column":18},"end":{"line":51,"column":11}}},"6":{"name":"(anonymous_15)","decl":{"start":{"line":59,"column":11},"end":{"line":59,"column":14}},"loc":{"start":{"line":59,"column":16},"end":{"line":59,"column":35}}}},"branchMap":{"0":{"loc":{"start":{"line":21,"column":6},"end":{"line":25,"column":7}},"type":"if","locations":[{"start":{"line":21,"column":6},"end":{"line":25,"column":7}}]},"1":{"loc":{"start":{"line":33,"column":15},"end":{"line":33,"column":55}},"type":"binary-expr","locations":[{"start":{"line":33,"column":15},"end":{"line":33,"column":27}},{"start":{"line":33,"column":31},"end":{"line":33,"column":55}}]}},"s":{"0":0,"1":0,"2":0,"3":0,"4":0,"5":0,"6":0,"7":0,"8":0,"9":0,"10":0,"11":0,"12":0,"13":0,"14":0,"15":0,"16":0,"17":0,"18":0,"19":0,"20":0,"21":0,"22":0,"23":0,"24":0,"25":0,"26":0,"27":0,"28":0,"29":0,"30":0,"31":0,"32":0,"33":0,"34":0},"f":{"0":0,"1":0,"2":0,"3":0,"4":0,"5":0,"6":0},"b":{"0":[0],"1":[0,0]}}
,"C:\\Users\\User\\000000\\vv\\code\\github\\pikMeOrig\\pikMe\\src\\hooks\\useNearbyRestaurants.ts": {"path":"C:\\Users\\User\\000000\\vv\\code\\github\\pikMeOrig\\pikMe\\src\\hooks\\useNearbyRestaurants.ts","statementMap":{"0":{"start":{"line":7,"column":0},"end":{"line":7,"column":16}},"1":{"start":{"line":1,"column":0},"end":{"line":1,"column":49}},"2":{"start":{"line":2,"column":0},"end":{"line":2,"column":58}},"3":{"start":{"line":3,"column":0},"end":{"line":3,"column":62}},"4":{"start":{"line":4,"column":0},"end":{"line":4,"column":42}},"5":{"start":{"line":8,"column":25},"end":{"line":8,"column":68}},"6":{"start":{"line":8,"column":51},"end":{"line":8,"column":67}},"7":{"start":{"line":11,"column":21},"end":{"line":11,"column":68}},"8":{"start":{"line":12,"column":21},"end":{"line":12,"column":69}},"9":{"start":{"line":14,"column":2},"end":{"line":39,"column":5}},"10":{"start":{"line":17,"column":6},"end":{"line":33,"column":7}},"11":{"start":{"line":18,"column":28},"end":{"line":21,"column":null}},"12":{"start":{"line":23,"column":8},"end":{"line":23,"column":36}},"13":{"start":{"line":24,"column":8},"end":{"line":24,"column":27}},"14":{"start":{"line":26,"column":8},"end":{"line":31,"column":11}},"15":{"start":{"line":32,"column":8},"end":{"line":32,"column":18}}},"fnMap":{"0":{"name":"useNearbyRestaurants","decl":{"start":{"line":7,"column":16},"end":{"line":7,"column":36}},"loc":{"start":{"line":7,"column":81},"end":{"line":40,"column":1}}},"1":{"name":"(anonymous_1)","decl":{"start":{"line":8,"column":44},"end":{"line":8,"column":45}},"loc":{"start":{"line":8,"column":51},"end":{"line":8,"column":67}}},"2":{"name":"(anonymous_2)","decl":{"start":{"line":16,"column":13},"end":{"line":16,"column":18}},"loc":{"start":{"line":16,"column":24},"end":{"line":34,"column":5}}}},"branchMap":{"0":{"loc":{"start":{"line":7,"column":62},"end":{"line":7,"column":81}},"type":"default-arg","locations":[{"start":{"line":7,"column":77},"end":{"line":7,"column":81}}]},"1":{"loc":{"start":{"line":11,"column":21},"end":{"line":11,"column":68}},"type":"cond-expr","locations":[{"start":{"line":11,"column":32},"end":{"line":11,"column":61}},{"start":{"line":11,"column":64},"end":{"line":11,"column":68}}]},"2":{"loc":{"start":{"line":12,"column":21},"end":{"line":12,"column":69}},"type":"cond-expr","locations":[{"start":{"line":12,"column":32},"end":{"line":12,"column":62}},{"start":{"line":12,"column":65},"end":{"line":12,"column":69}}]}},"s":{"0":0,"1":0,"2":0,"3":0,"4":0,"5":0,"6":0,"7":0,"8":0,"9":0,"10":0,"11":0,"12":0,"13":0,"14":0,"15":0},"f":{"0":0,"1":0,"2":0},"b":{"0":[0],"1":[0,0],"2":[0,0]}}
,"C:\\Users\\User\\000000\\vv\\code\\github\\pikMeOrig\\pikMe\\src\\hooks\\useSaved.ts": {"path":"C:\\Users\\User\\000000\\vv\\code\\github\\pikMeOrig\\pikMe\\src\\hooks\\useSaved.ts","statementMap":{"0":{"start":{"line":7,"column":0},"end":{"line":7,"column":16}},"1":{"start":{"line":1,"column":0},"end":{"line":1,"column":36}},"2":{"start":{"line":2,"column":0},"end":{"line":2,"column":40}},"3":{"start":{"line":3,"column":0},"end":{"line":3,"column":52}},"4":{"start":{"line":4,"column":0},"end":{"line":4,"column":93}},"5":{"start":{"line":8,"column":16},"end":{"line":8,"column":31}},"6":{"start":{"line":11,"column":4},"end":{"line":19,"column":5}},"7":{"start":{"line":12,"column":19},"end":{"line":12,"column":40}},"8":{"start":{"line":13,"column":6},"end":{"line":13,"column":53}},"9":{"start":{"line":17,"column":6},"end":{"line":17,"column":92}},"10":{"start":{"line":18,"column":6},"end":{"line":18,"column":25}},"11":{"start":{"line":22,"column":27},"end":{"line":30,"column":13}},"12":{"start":{"line":23,"column":4},"end":{"line":23,"column":59}},"13":{"start":{"line":24,"column":4},"end":{"line":24,"column":50}},"14":{"start":{"line":25,"column":4},"end":{"line":29,"column":5}},"15":{"start":{"line":26,"column":6},"end":{"line":26,"column":55}},"16":{"start":{"line":28,"column":6},"end":{"line":28,"column":52}},"17":{"start":{"line":32,"column":25},"end":{"line":40,"column":13}},"18":{"start":{"line":33,"column":4},"end":{"line":33,"column":59}},"19":{"start":{"line":34,"column":4},"end":{"line":34,"column":45}},"20":{"start":{"line":35,"column":4},"end":{"line":39,"column":5}},"21":{"start":{"line":36,"column":6},"end":{"line":36,"column":50}},"22":{"start":{"line":38,"column":6},"end":{"line":38,"column":47}},"23":{"start":{"line":42,"column":2},"end":{"line":51,"column":4}}},"fnMap":{"0":{"name":"useSaved","decl":{"start":{"line":7,"column":16},"end":{"line":7,"column":24}},"loc":{"start":{"line":7,"column":24},"end":{"line":52,"column":1}}},"1":{"name":"load","decl":{"start":{"line":10,"column":17},"end":{"line":10,"column":21}},"loc":{"start":{"line":10,"column":21},"end":{"line":20,"column":3}}},"2":{"name":"(anonymous_11)","decl":{"start":{"line":22,"column":39},"end":{"line":22,"column":44}},"loc":{"start":{"line":22,"column":90},"end":{"line":30,"column":3}}},"3":{"name":"(anonymous_12)","decl":{"start":{"line":32,"column":37},"end":{"line":32,"column":42}},"loc":{"start":{"line":32,"column":83},"end":{"line":40,"column":3}}}},"branchMap":{},"s":{"0":0,"1":0,"2":0,"3":0,"4":0,"5":0,"6":0,"7":0,"8":0,"9":0,"10":0,"11":0,"12":0,"13":0,"14":0,"15":0,"16":0,"17":0,"18":0,"19":0,"20":0,"21":0,"22":0,"23":0},"f":{"0":0,"1":0,"2":0,"3":0},"b":{}}
[...]
,"C:\\Users\\User\\000000\\vv\\code\\github\\pikMeOrig\\pikMe\\src\\store\\restaurantStore.ts": {"path":"C:\\Users\\User\\000000\\vv\\code\\github\\pikMeOrig\\pikMe\\src\\store\\restaurantStore.ts","statementMap":{"0":{"start":{"line":1,"column":0},"end":{"line":1,"column":33}},"1":{"start":{"line":18,"column":13},"end":{"line":25,"column":4}},"2":{"start":{"line":18,"column":68},"end":{"line":25,"column":2}},"3":{"start":{"line":22,"column":35},"end":{"line":22,"column":55}},"4":{"start":{"line":23,"column":35},"end":{"line":23,"column":68}},"5":{"start":{"line":24,"column":37},"end":{"line":24,"column":58}}},"fnMap":{"0":{"name":"(anonymous_0)","decl":{"start":{"line":18,"column":58},"end":{"line":18,"column":59}},"loc":{"start":{"line":18,"column":68},"end":{"line":25,"column":2}}},"1":{"name":"(anonymous_1)","decl":{"start":{"line":22,"column":18},"end":{"line":22,"column":19}},"loc":{"start":{"line":22,"column":35},"end":{"line":22,"column":55}}},"2":{"name":"(anonymous_2)","decl":{"start":{"line":23,"column":27},"end":{"line":23,"column":28}},"loc":{"start":{"line":23,"column":35},"end":{"line":23,"column":68}}},"3":{"name":"(anonymous_3)","decl":{"start":{"line":24,"column":19},"end":{"line":24,"column":20}},"loc":{"start":{"line":24,"column":37},"end":{"line":24,"column":58}}}},"branchMap":{},"s":{"0":0,"1":0,"2":0,"3":0,"4":0,"5":0},"f":{"0":0,"1":0,"2":0,"3":0},"b":{}}
,"C:\\Users\\User\\000000\\vv\\code\\github\\pikMeOrig\\pikMe\\src\\store\\savedStore.ts": {"path":"C:\\Users\\User\\000000\\vv\\code\\github\\pikMeOrig\\pikMe\\src\\store\\savedStore.ts","statementMap":{"0":{"start":{"line":1,"column":0},"end":{"line":1,"column":33}},"1":{"start":{"line":16,"column":13},"end":{"line":59,"column":4}},"2":{"start":{"line":16,"column":58},"end":{"line":59,"column":2}},"3":{"start":{"line":23,"column":4},"end":{"line":29,"column":6}},"4":{"start":{"line":26,"column":52},"end":{"line":26,"column":61}},"5":{"start":{"line":27,"column":48},"end":{"line":27,"column":56}},"6":{"start":{"line":30,"column":20},"end":{"line":30,"column":43}},"7":{"start":{"line":32,"column":4},"end":{"line":45,"column":6}},"8":{"start":{"line":33,"column":19},"end":{"line":33,"column":43}},"9":{"start":{"line":34,"column":6},"end":{"line":37,"column":7}},"10":{"start":{"line":35,"column":8},"end":{"line":35,"column":24}},"11":{"start":{"line":36,"column":8},"end":{"line":36,"column":99}},"12":{"start":{"line":36,"column":79},"end":{"line":36,"column":95}},"13":{"start":{"line":38,"column":6},"end":{"line":38,"column":19}},"14":{"start":{"line":41,"column":26},"end":{"line":43,"column":23}},"15":{"start":{"line":41,"column":67},"end":{"line":41,"column":83}},"16":{"start":{"line":44,"column":6},"end":{"line":44,"column":50}},"17":{"start":{"line":47,"column":4},"end":{"line":58,"column":6}},"18":{"start":{"line":48,"column":19},"end":{"line":48,"column":41}},"19":{"start":{"line":49,"column":6},"end":{"line":52,"column":7}},"20":{"start":{"line":50,"column":8},"end":{"line":50,"column":24}},"21":{"start":{"line":51,"column":8},"end":{"line":51,"column":92}},"22":{"start":{"line":51,"column":73},"end":{"line":51,"column":88}},"23":{"start":{"line":53,"column":6},"end":{"line":53,"column":19}},"24":{"start":{"line":54,"column":24},"end":{"line":56,"column":21}},"25":{"start":{"line":54,"column":61},"end":{"line":54,"column":76}},"26":{"start":{"line":57,"column":6},"end":{"line":57,"column":46}}},"fnMap":{"0":{"name":"(anonymous_0)","decl":{"start":{"line":16,"column":48},"end":{"line":16,"column":49}},"loc":{"start":{"line":16,"column":58},"end":{"line":59,"column":2}}},"1":{"name":"(anonymous_1)","decl":{"start":{"line":22,"column":10},"end":{"line":22,"column":11}},"loc":{"start":{"line":23,"column":4},"end":{"line":29,"column":6}}},"2":{"name":"(anonymous_2)","decl":{"start":{"line":26,"column":45},"end":{"line":26,"column":46}},"loc":{"start":{"line":26,"column":52},"end":{"line":26,"column":61}}},"3":{"name":"(anonymous_3)","decl":{"start":{"line":27,"column":41},"end":{"line":27,"column":42}},"loc":{"start":{"line":27,"column":48},"end":{"line":27,"column":56}}},"4":{"name":"(anonymous_4)","decl":{"start":{"line":30,"column":14},"end":{"line":30,"column":17}},"loc":{"start":{"line":30,"column":20},"end":{"line":30,"column":43}}},"5":{"name":"(anonymous_5)","decl":{"start":{"line":31,"column":22},"end":{"line":31,"column":23}},"loc":{"start":{"line":32,"column":4},"end":{"line":45,"column":6}}},"6":{"name":"(anonymous_6)","decl":{"start":{"line":32,"column":8},"end":{"line":32,"column":9}},"loc":{"start":{"line":32,"column":14},"end":{"line":45,"column":5}}},"7":{"name":"(anonymous_7)","decl":{"start":{"line":36,"column":72},"end":{"line":36,"column":73}},"loc":{"start":{"line":36,"column":79},"end":{"line":36,"column":95}}},"8":{"name":"(anonymous_8)","decl":{"start":{"line":41,"column":60},"end":{"line":41,"column":61}},"loc":{"start":{"line":41,"column":67},"end":{"line":41,"column":83}}},"9":{"name":"(anonymous_9)","decl":{"start":{"line":46,"column":20},"end":{"line":46,"column":21}},"loc":{"start":{"line":47,"column":4},"end":{"line":58,"column":6}}},"10":{"name":"(anonymous_10)","decl":{"start":{"line":47,"column":8},"end":{"line":47,"column":9}},"loc":{"start":{"line":47,"column":14},"end":{"line":58,"column":5}}},"11":{"name":"(anonymous_11)","decl":{"start":{"line":51,"column":66},"end":{"line":51,"column":67}},"loc":{"start":{"line":51,"column":73},"end":{"line":51,"column":88}}},"12":{"name":"(anonymous_12)","decl":{"start":{"line":54,"column":54},"end":{"line":54,"column":55}},"loc":{"start":{"line":54,"column":61},"end":{"line":54,"column":76}}}},"branchMap":{"0":{"loc":{"start":{"line":34,"column":6},"end":{"line":37,"column":7}},"type":"if","locations":[{"start":{"line":34,"column":6},"end":{"line":37,"column":7}}]},"1":{"loc":{"start":{"line":41,"column":26},"end":{"line":43,"column":23}},"type":"cond-expr","locations":[{"start":{"line":42,"column":10},"end":{"line":42,"column":40}},{"start":{"line":43,"column":10},"end":{"line":43,"column":23}}]},"2":{"loc":{"start":{"line":41,"column":26},"end":{"line":41,"column":84}},"type":"binary-expr","locations":[{"start":{"line":41,"column":26},"end":{"line":41,"column":36}},{"start":{"line":41,"column":40},"end":{"line":41,"column":84}}]},"3":{"loc":{"start":{"line":49,"column":6},"end":{"line":52,"column":7}},"type":"if","locations":[{"start":{"line":49,"column":6},"end":{"line":52,"column":7}}]},"4":{"loc":{"start":{"line":54,"column":24},"end":{"line":56,"column":21}},"type":"cond-expr","locations":[{"start":{"line":55,"column":10},"end":{"line":55,"column":36}},{"start":{"line":56,"column":10},"end":{"line":56,"column":21}}]},"5":{"loc":{"start":{"line":54,"column":24},"end":{"line":54,"column":77}},"type":"binary-expr","locations":[{"start":{"line":54,"column":24},"end":{"line":54,"column":32}},{"start":{"line":54,"column":36},"end":{"line":54,"column":77}}]}},"s":{"0":0,"1":0,"2":0,"3":0,"4":0,"5":0,"6":0,"7":0,"8":0,"9":0,"10":0,"11":0,"12":0,"13":0,"14":0,"15":0,"16":0,"17":0,"18":0,"19":0,"20":0,"21":0,"22":0,"23":0,"24":0,"25":0,"26":0},"f":{"0":0,"1":0,"2":0,"3":0,"4":0,"5":0,"6":0,"7":0,"8":0,"9":0,"10":0,"11":0,"12":0},"b":{"0":[0],"1":[0,0],"2":[0,0],"3":[0],"4":[0,0],"5":[0,0]}}
,"C:\\Users\\User\\000000\\vv\\code\\github\\pikMeOrig\\pikMe\\src\\store\\userProfileStore.ts": {"path":"C:\\Users\\User\\000000\\vv\\code\\github\\pikMeOrig\\pikMe\\src\\store\\userProfileStore.ts","statementMap":{"0":{"start":{"line":1,"column":0},"end":{"line":1,"column":33}},"1":{"start":{"line":22,"column":38},"end":{"line":30,"column":2}},"2":{"start":{"line":32,"column":13},"end":{"line":39,"column":4}},"3":{"start":{"line":32,"column":70},"end":{"line":39,"column":2}},"4":{"start":{"line":36,"column":4},"end":{"line":36,"column":63}},"5":{"start":{"line":36,"column":20},"end":{"line":36,"column":61}},"6":{"start":{"line":37,"column":20},"end":{"line":37,"column":48}},"7":{"start":{"line":38,"column":36},"end":{"line":38,"column":70}}},"fnMap":{"0":{"name":"(anonymous_0)","decl":{"start":{"line":32,"column":60},"end":{"line":32,"column":61}},"loc":{"start":{"line":32,"column":70},"end":{"line":39,"column":2}}},"1":{"name":"(anonymous_1)","decl":{"start":{"line":35,"column":15},"end":{"line":35,"column":16}},"loc":{"start":{"line":36,"column":4},"end":{"line":36,"column":63}}},"2":{"name":"(anonymous_2)","decl":{"start":{"line":36,"column":8},"end":{"line":36,"column":9}},"loc":{"start":{"line":36,"column":20},"end":{"line":36,"column":61}}},"3":{"name":"(anonymous_3)","decl":{"start":{"line":37,"column":14},"end":{"line":37,"column":17}},"loc":{"start":{"line":37,"column":20},"end":{"line":37,"column":48}}},"4":{"name":"(anonymous_4)","decl":{"start":{"line":38,"column":25},"end":{"line":38,"column":26}},"loc":{"start":{"line":38,"column":36},"end":{"line":38,"column":70}}}},"branchMap":{},"s":{"0":0,"1":0,"2":0,"3":0,"4":0,"5":0,"6":0,"7":0},"f":{"0":0,"1":0,"2":0,"3":0,"4":0},"b":{}}
,"C:\\Users\\User\\000000\\vv\\code\\github\\pikMeOrig\\pikMe\\src\\utils\\geo.ts": {"path":"C:\\Users\\User\\000000\\vv\\code\\github\\pikMeOrig\\pikMe\\src\\utils\\geo.ts","statementMap":{"0":{"start":{"line":1,"column":0},"end":{"line":1,"column":16}},"1":{"start":{"line":16,"column":0},"end":{"line":16,"column":16}},"2":{"start":{"line":22,"column":0},"end":{"line":22,"column":16}},"3":{"start":{"line":5,"column":12},"end":{"line":5,"column":19}},"4":{"start":{"line":6,"column":15},"end":{"line":6,"column":44}},"5":{"start":{"line":7,"column":15},"end":{"line":7,"column":44}},"6":{"start":{"line":9,"column":4},"end":{"line":12,"column":27}},"7":{"start":{"line":13,"column":2},"end":{"line":13,"column":60}},"8":{"start":{"line":17,"column":2},"end":{"line":17,"column":53}},"9":{"start":{"line":17,"column":21},"end":{"line":17,"column":53}},"10":{"start":{"line":18,"column":2},"end":{"line":18,"column":43}},"11":{"start":{"line":23,"column":2},"end":{"line":23,"column":39}}},"fnMap":{"0":{"name":"haversineDistance","decl":{"start":{"line":1,"column":16},"end":{"line":1,"column":33}},"loc":{"start":{"line":3,"column":28},"end":{"line":14,"column":1}}},"1":{"name":"formatDistance","decl":{"start":{"line":16,"column":16},"end":{"line":16,"column":30}},"loc":{"start":{"line":16,"column":45},"end":{"line":19,"column":1}}},"2":{"name":"snapToGrid","decl":{"start":{"line":22,"column":16},"end":{"line":22,"column":26}},"loc":{"start":{"line":22,"column":53},"end":{"line":24,"column":1}}}},"branchMap":{"0":{"loc":{"start":{"line":17,"column":2},"end":{"line":17,"column":53}},"type":"if","locations":[{"start":{"line":17,"column":2},"end":{"line":17,"column":53}}]},"1":{"loc":{"start":{"line":22,"column":42},"end":{"line":22,"column":53}},"type":"default-arg","locations":[{"start":{"line":22,"column":48},"end":{"line":22,"column":53}}]}},"s":{"0":0,"1":0,"2":0,"3":0,"4":0,"5":0,"6":0,"7":0,"8":0,"9":0,"10":0,"11":0},"f":{"0":0,"1":0,"2":0},"b":{"0":[0],"1":[0]}}
,"C:\\Users\\User\\000000\\vv\\code\\github\\pikMeOrig\\pikMe\\src\\utils\\hours.ts": {"path":"C:\\Users\\User\\000000\\vv\\code\\github\\pikMeOrig\\pikMe\\src\\utils\\hours.ts","statementMap":{"0":{"start":{"line":9,"column":0},"end":{"line":9,"column":16}},"1":{"start":{"line":10,"column":2},"end":{"line":12,"column":3}},"2":{"start":{"line":11,"column":4},"end":{"line":11,"column":83}},"3":{"start":{"line":14,"column":16},"end":{"line":14,"column":26}},"4":{"start":{"line":15,"column":19},"end":{"line":15,"column":33}},"5":{"start":{"line":16,"column":20},"end":{"line":16,"column":56}},"6":{"start":{"line":19,"column":22},"end":{"line":19,"column":55}},"7":{"start":{"line":22,"column":20},"end":{"line":22,"column":57}},"8":{"start":{"line":24,"column":2},"end":{"line":28,"column":4}},"9":{"start":{"line":35,"column":2},"end":{"line":35,"column":52}},"10":{"start":{"line":35,"column":40},"end":{"line":35,"column":52}},"11":{"start":{"line":37,"column":14},"end":{"line":37,"column":24}},"12":{"start":{"line":38,"column":22},"end":{"line":38,"column":36}},"13":{"start":{"line":39,"column":21},"end":{"line":39,"column":37}},"14":{"start":{"line":40,"column":31},"end":{"line":40,"column":60}},"15":{"start":{"line":43,"column":23},"end":{"line":43,"column":70}},"16":{"start":{"line":43,"column":45},"end":{"line":43,"column":69}},"17":{"start":{"line":44,"column":2},"end":{"line":44,"column":45}},"18":{"start":{"line":44,"column":33},"end":{"line":44,"column":45}},"19":{"start":{"line":46,"column":2},"end":{"line":63,"column":3}},"20":{"start":{"line":47,"column":21},"end":{"line":47,"column":49}},"21":{"start":{"line":48,"column":22},"end":{"line":48,"column":72}},"22":{"start":{"line":50,"column":4},"end":{"line":62,"column":5}},"23":{"start":{"line":52,"column":6},"end":{"line":55,"column":7}},"24":{"start":{"line":53,"column":29},"end":{"line":53,"column":60}},"25":{"start":{"line":54,"column":8},"end":{"line":54,"column":57}},"26":{"start":{"line":58,"column":6},"end":{"line":61,"column":7}},"27":{"start":{"line":59,"column":29},"end":{"line":59,"column":61}},"28":{"start":{"line":60,"column":8},"end":{"line":60,"column":58}},"29":{"start":{"line":66,"column":23},"end":{"line":66,"column":41}},"30":{"start":{"line":67,"column":26},"end":{"line":67,"column":77}},"31":{"start":{"line":67,"column":48},"end":{"line":67,"column":76}},"32":{"start":{"line":68,"column":2},"end":{"line":70,"column":3}},"33":{"start":{"line":69,"column":4},"end":{"line":69,"column":28}},"34":{"start":{"line":72,"column":2},"end":{"line":72,"column":18}},"35":{"start":{"line":76,"column":2},"end":{"line":76,"column":52}},"36":{"start":{"line":76,"column":40},"end":{"line":76,"column":52}},"37":{"start":{"line":77,"column":16},"end":{"line":77,"column":49}},"38":{"start":{"line":78,"column":15},"end":{"line":78,"column":45}},"39":{"start":{"line":79,"column":2},"end":{"line":79,"column":27}},"40":{"start":{"line":83,"column":2},"end":{"line":85,"column":3}},"41":{"start":{"line":84,"column":4},"end":{"line":84,"column":35}},"42":{"start":{"line":86,"column":16},"end":{"line":86,"column":40}},"43":{"start":{"line":87,"column":15},"end":{"line":87,"column":27}},"44":{"start":{"line":88,"column":2},"end":{"line":90,"column":3}},"45":{"start":{"line":89,"column":4},"end":{"line":89,"column":33}},"46":{"start":{"line":91,"column":2},"end":{"line":91,"column":40}}},"fnMap":{"0":{"name":"getHoursDisplay","decl":{"start":{"line":9,"column":16},"end":{"line":9,"column":31}},"loc":{"start":{"line":9,"column":63},"end":{"line":29,"column":1}}},"1":{"name":"getTimeUntil","decl":{"start":{"line":31,"column":9},"end":{"line":31,"column":21}},"loc":{"start":{"line":33,"column":18},"end":{"line":73,"column":1}}},"2":{"name":"(anonymous_2)","decl":{"start":{"line":43,"column":38},"end":{"line":43,"column":39}},"loc":{"start":{"line":43,"column":45},"end":{"line":43,"column":69}}},"3":{"name":"(anonymous_3)","decl":{"start":{"line":67,"column":41},"end":{"line":67,"column":42}},"loc":{"start":{"line":67,"column":48},"end":{"line":67,"column":76}}},"4":{"name":"parseTime","decl":{"start":{"line":75,"column":9},"end":{"line":75,"column":18}},"loc":{"start":{"line":75,"column":46},"end":{"line":80,"column":1}}},"5":{"name":"formatTimeDelta","decl":{"start":{"line":82,"column":9},"end":{"line":82,"column":24}},"loc":{"start":{"line":82,"column":56},"end":{"line":92,"column":1}}}},"branchMap":{"0":{"loc":{"start":{"line":10,"column":2},"end":{"line":12,"column":3}},"type":"if","locations":[{"start":{"line":10,"column":2},"end":{"line":12,"column":3}}]},"1":{"loc":{"start":{"line":10,"column":6},"end":{"line":10,"column":61}},"type":"binary-expr","locations":[{"start":{"line":10,"column":6},"end":{"line":10,"column":26}},{"start":{"line":10,"column":30},"end":{"line":10,"column":61}}]},"2":{"loc":{"start":{"line":11,"column":56},"end":{"line":11,"column":80}},"type":"binary-expr","locations":[{"start":{"line":11,"column":56},"end":{"line":11,"column":71}},{"start":{"line":11,"column":75},"end":{"line":11,"column":80}}]},"3":{"loc":{"start":{"line":16,"column":20},"end":{"line":16,"column":56}},"type":"binary-expr","locations":[{"start":{"line":16,"column":20},"end":{"line":16,"column":48}},{"start":{"line":16,"column":52},"end":{"line":16,"column":56}}]},"4":{"loc":{"start":{"line":19,"column":22},"end":{"line":19,"column":55}},"type":"binary-expr","locations":[{"start":{"line":19,"column":22},"end":{"line":19,"column":47}},{"start":{"line":19,"column":51},"end":{"line":19,"column":55}}]},"5":{"loc":{"start":{"line":27,"column":12},"end":{"line":27,"column":35}},"type":"binary-expr","locations":[{"start":{"line":27,"column":12},"end":{"line":27,"column":26}},{"start":{"line":27,"column":30},"end":{"line":27,"column":35}}]},"6":{"loc":{"start":{"line":35,"column":2},"end":{"line":35,"column":52}},"type":"if","locations":[{"start":{"line":35,"column":2},"end":{"line":35,"column":52}}]},"7":{"loc":{"start":{"line":35,"column":6},"end":{"line":35,"column":38}},"type":"binary-expr","locations":[{"start":{"line":35,"column":6},"end":{"line":35,"column":14}},{"start":{"line":35,"column":18},"end":{"line":35,"column":38}}]},"8":{"loc":{"start":{"line":44,"column":2},"end":{"line":44,"column":45}},"type":"if","locations":[{"start":{"line":44,"column":2},"end":{"line":44,"column":45}}]},"9":{"loc":{"start":{"line":48,"column":22},"end":{"line":48,"column":72}},"type":"cond-expr","locations":[{"start":{"line":48,"column":37},"end":{"line":48,"column":65}},{"start":{"line":48,"column":68},"end":{"line":48,"column":72}}]},"10":{"loc":{"start":{"line":50,"column":4},"end":{"line":62,"column":5}},"type":"if","locations":[{"start":{"line":50,"column":4},"end":{"line":62,"column":5}}]},"11":{"loc":{"start":{"line":52,"column":6},"end":{"line":55,"column":7}},"type":"if","locations":[{"start":{"line":52,"column":6},"end":{"line":55,"column":7}}]},"12":{"loc":{"start":{"line":58,"column":6},"end":{"line":61,"column":7}},"type":"if","locations":[{"start":{"line":58,"column":6},"end":{"line":61,"column":7}}]},"13":{"loc":{"start":{"line":58,"column":10},"end":{"line":58,"column":100}},"type":"binary-expr","locations":[{"start":{"line":58,"column":10},"end":{"line":58,"column":28}},{"start":{"line":58,"column":32},"end":{"line":58,"column":64}},{"start":{"line":58,"column":68},"end":{"line":58,"column":100}}]},"14":{"loc":{"start":{"line":68,"column":2},"end":{"line":70,"column":3}},"type":"if","locations":[{"start":{"line":68,"column":2},"end":{"line":70,"column":3}}]},"15":{"loc":{"start":{"line":76,"column":2},"end":{"line":76,"column":52}},"type":"if","locations":[{"start":{"line":76,"column":2},"end":{"line":76,"column":52}}]},"16":{"loc":{"start":{"line":76,"column":6},"end":{"line":76,"column":38}},"type":"binary-expr","locations":[{"start":{"line":76,"column":6},"end":{"line":76,"column":14}},{"start":{"line":76,"column":18},"end":{"line":76,"column":38}}]},"17":{"loc":{"start":{"line":83,"column":2},"end":{"line":85,"column":3}},"type":"if","locations":[{"start":{"line":83,"column":2},"end":{"line":85,"column":3}}]},"18":{"loc":{"start":{"line":88,"column":2},"end":{"line":90,"column":3}},"type":"if","locations":[{"start":{"line":88,"column":2},"end":{"line":90,"column":3}}]}},"s":{"0":1,"1":13,"2":2,"3":11,"4":11,"5":11,"6":11,"7":11,"8":11,"9":11,"10":2,"11":9,"12":9,"13":9,"14":9,"15":9,"16":10,"17":9,"18":0,"19":9,"20":9,"21":9,"22":9,"23":8,"24":2,"25":2,"26":6,"27":4,"28":4,"29":3,"30":3,"31":4,"32":3,"33":1,"34":2,"35":17,"36":1,"37":16,"38":16,"39":16,"40":6,"41":1,"42":5,"43":5,"44":5,"45":3,"46":2},"f":{"0":13,"1":11,"2":10,"3":4,"4":17,"5":6},"b":{"0":[2],"1":[13,12],"2":[2,1],"3":[11,1],"4":[11,1],"5":[11,0],"6":[2],"7":[11,10],"8":[0],"9":[8,1],"10":[8],"11":[2],"12":[4],"13":[6,6,6],"14":[1],"15":[1],"16":[17,17],"17":[1],"18":[3]}}
}
