TN:
SF:src\api\functions.ts
FN:8,fetchNearbyRestaurants
FN:32,fetchMenuItems
FN:40,fetchMenuItemsAi
FN:59,getItemAnalysis
FN:85,aiOnboard
FN:103,sendChatMessage
FN:125,getSavedItems
FN:135,mapDbRestaurant
FN:155,mapDbMenuItem
FN:176,toggleSavedRestaurant
FN:200,toggleSavedMenuItem
FN:234,getUserProfile
FN:240,upsertUserProfile
FN:259,deleteAccount
FN:278,logRecommendationAction
FNF:15
FNH:0
FNDA:0,fetchNearbyRestaurants
FNDA:0,fetchMenuItems
FNDA:0,fetchMenuItemsAi
FNDA:0,getItemAnalysis
FNDA:0,aiOnboard
FNDA:0,sendChatMessage
FNDA:0,getSavedItems
FNDA:0,mapDbRestaurant
FNDA:0,mapDbMenuItem
FNDA:0,toggleSavedRestaurant
FNDA:0,toggleSavedMenuItem
FNDA:0,getUserProfile
FNDA:0,upsertUserProfile
FNDA:0,deleteAccount
FNDA:0,logRecommendationAction
DA:1,0
DA:8,0
DA:13,0
DA:16,0
DA:18,0
DA:19,0
DA:20,0
DA:21,0
DA:23,0
DA:25,0
DA:27,0
DA:32,0
DA:33,0
DA:36,0
DA:37,0
DA:40,0
DA:41,0
DA:44,0
DA:45,0
DA:46,0
DA:47,0
DA:48,0
DA:50,0
DA:52,0
DA:54,0
DA:59,0
DA:65,0
DA:66,0
DA:68,0
DA:71,0
DA:72,0
DA:73,0
DA:74,0
DA:76,0
DA:78,0
DA:80,0
DA:85,0
DA:86,0
DA:89,0
DA:90,0
DA:91,0
DA:92,0
DA:94,0
DA:96,0
DA:98,0
DA:103,0
DA:108,0
DA:111,0
DA:112,0
DA:113,0
DA:114,0
DA:116,0
DA:118,0
DA:120,0
DA:125,0
DA:126,0
DA:127,0
DA:128,0
DA:129,0
DA:136,0
DA:156,0
DA:176,0
DA:180,0
DA:181,0
DA:195,0
DA:196,0
DA:197,0
DA:200,0
DA:201,0
DA:203,0
DA:219,0
DA:220,0
DA:221,0
DA:224,0
DA:225,0
DA:226,0
DA:227,0
DA:229,0
DA:234,0
DA:235,0
DA:236,0
DA:237,0
DA:240,0
DA:241,0
DA:251,0
DA:259,0
DA:260,0
DA:261,0
DA:264,0
DA:265,0
DA:266,0
DA:267,0
DA:271,0
DA:273,0
DA:278,0
DA:284,0
DA:290,0
LF:97
LH:0
BRDA:16,0,0,0
BRDA:21,1,0,0
BRDA:23,2,0,0
BRDA:23,3,0,0
BRDA:23,3,1,0
BRDA:36,4,0,0
BRDA:44,5,0,0
BRDA:48,6,0,0
BRDA:50,7,0,0
BRDA:50,8,0,0
BRDA:50,8,1,0
BRDA:66,9,0,0
BRDA:71,10,0,0
BRDA:74,11,0,0
BRDA:76,12,0,0
BRDA:76,13,0,0
BRDA:76,13,1,0
BRDA:89,14,0,0
BRDA:92,15,0,0
BRDA:94,16,0,0
BRDA:94,17,0,0
BRDA:94,17,1,0
BRDA:111,18,0,0
BRDA:114,19,0,0
BRDA:116,20,0,0
BRDA:116,21,0,0
BRDA:116,21,1,0
BRDA:127,22,0,0
BRDA:130,23,0,0
BRDA:130,23,1,0
BRDA:131,24,0,0
BRDA:131,24,1,0
BRDA:140,25,0,0
BRDA:140,25,1,0
BRDA:141,26,0,0
BRDA:141,26,1,0
BRDA:142,27,0,0
BRDA:142,27,1,0
BRDA:143,28,0,0
BRDA:143,28,1,0
BRDA:146,29,0,0
BRDA:146,29,1,0
BRDA:147,30,0,0
BRDA:147,30,1,0
BRDA:149,31,0,0
BRDA:149,31,1,0
BRDA:150,32,0,0
BRDA:150,32,1,0
BRDA:160,33,0,0
BRDA:160,33,1,0
BRDA:161,34,0,0
BRDA:161,34,1,0
BRDA:163,35,0,0
BRDA:163,35,1,0
BRDA:164,36,0,0
BRDA:164,36,1,0
BRDA:165,37,0,0
BRDA:165,37,1,0
BRDA:166,38,0,0
BRDA:166,38,1,0
BRDA:167,39,0,0
BRDA:167,39,1,0
BRDA:170,40,0,0
BRDA:170,40,1,0
BRDA:171,41,0,0
BRDA:171,41,1,0
BRDA:180,42,0,0
BRDA:196,43,0,0
BRDA:201,44,0,0
BRDA:208,45,0,0
BRDA:208,45,1,0
BRDA:215,46,0,0
BRDA:215,46,1,0
BRDA:219,47,0,0
BRDA:225,48,0,0
BRDA:236,49,0,0
BRDA:251,50,0,0
BRDA:261,51,0,0
BRDA:267,52,0,0
BRDA:290,53,0,0
BRF:80
BRH:0
end_of_record
TN:
SF:src\api\restaurantAuth.ts
FN:5,signUpRestaurantOwner
FN:17,adminCreateRestaurantOwner
FN:47,loginRestaurantOwner
FN:59,claimRestaurant
FN:85,getRestaurantForOwner
FN:99,createCoupon
FN:129,updateCoupon
FN:158,deleteCoupon
FN:167,getRestaurantCoupons
FN:176,getActiveCouponsForRestaurant
FN:185,getActiveCouponsByPlaceId
FN:199,getRestaurantMenuItems
FN:210,refreshRestaurantMenu
FNF:13
FNH:0
FNDA:0,signUpRestaurantOwner
FNDA:0,adminCreateRestaurantOwner
FNDA:0,loginRestaurantOwner
FNDA:0,claimRestaurant
FNDA:0,getRestaurantForOwner
FNDA:0,createCoupon
FNDA:0,updateCoupon
FNDA:0,deleteCoupon
FNDA:0,getRestaurantCoupons
FNDA:0,getActiveCouponsForRestaurant
FNDA:0,getActiveCouponsByPlaceId
FNDA:0,getRestaurantMenuItems
FNDA:0,refreshRestaurantMenu
DA:1,0
DA:3,0
DA:5,0
DA:6,0
DA:12,0
DA:13,0
DA:14,0
DA:17,0
DA:26,0
DA:42,0
DA:43,0
DA:44,0
DA:47,0
DA:48,0
DA:54,0
DA:55,0
DA:56,0
DA:59,0
DA:65,0
DA:74,0
DA:75,0
DA:77,0
DA:78,0
DA:79,0
DA:80,0
DA:82,0
DA:85,0
DA:86,0
DA:87,0
DA:89,0
DA:95,0
DA:96,0
DA:99,0
DA:109,0
DA:111,0
DA:122,0
DA:123,0
DA:124,0
DA:126,0
DA:129,0
DA:142,0
DA:154,0
DA:155,0
DA:158,0
DA:159,0
DA:163,0
DA:164,0
DA:167,0
DA:168,0
DA:172,0
DA:173,0
DA:176,0
DA:177,0
DA:181,0
DA:182,0
DA:185,0
DA:188,0
DA:194,0
DA:196,0
DA:199,0
DA:200,0
DA:206,0
DA:207,0
DA:210,0
DA:211,0
DA:220,0
DA:221,0
DA:222,0
DA:223,0
LF:69
LH:0
BRDA:3,0,0,0
BRDA:3,0,1,0
BRDA:13,1,0,0
BRDA:43,2,0,0
BRDA:43,3,0,0
BRDA:43,3,1,0
BRDA:55,4,0,0
BRDA:77,5,0,0
BRDA:78,6,0,0
BRDA:78,6,1,0
BRDA:78,6,2,0
BRDA:87,7,0,0
BRDA:95,8,0,0
BRDA:95,9,0,0
BRDA:95,9,1,0
BRDA:96,10,0,0
BRDA:96,10,1,0
BRDA:117,11,0,0
BRDA:117,11,1,0
BRDA:118,12,0,0
BRDA:118,12,1,0
BRDA:119,13,0,0
BRDA:119,13,1,0
BRDA:122,14,0,0
BRDA:144,15,0,0
BRDA:144,15,1,0
BRDA:145,16,0,0
BRDA:145,16,1,0
BRDA:146,17,0,0
BRDA:146,17,1,0
BRDA:147,18,0,0
BRDA:147,18,1,0
BRDA:148,19,0,0
BRDA:148,19,1,0
BRDA:149,20,0,0
BRDA:149,20,1,0
BRDA:150,21,0,0
BRDA:150,21,1,0
BRDA:151,22,0,0
BRDA:151,22,1,0
BRDA:154,23,0,0
BRDA:163,24,0,0
BRDA:172,25,0,0
BRDA:173,26,0,0
BRDA:173,26,1,0
BRDA:181,27,0,0
BRDA:182,28,0,0
BRDA:182,28,1,0
BRDA:194,29,0,0
BRDA:194,30,0,0
BRDA:194,30,1,0
BRDA:206,31,0,0
BRDA:207,32,0,0
BRDA:207,32,1,0
BRDA:222,33,0,0
BRDA:222,34,0,0
BRDA:222,34,1,0
BRF:57
BRH:0
end_of_record
TN:
SF:src\api\supabase.ts
FNF:0
FNH:0
DA:1,0
DA:2,0
DA:4,0
DA:5,0
DA:7,0
DA:8,0
DA:14,0
LF:7
LH:0
BRDA:4,0,0,0
BRDA:4,0,1,0
BRDA:5,1,0,0
BRDA:5,1,1,0
BRDA:7,2,0,0
BRDA:7,3,0,0
BRDA:7,3,1,0
BRF:7
BRH:0
end_of_record
TN:
SF:src\constants\apiKeys.ts
FNF:0
FNH:0
DA:1,0
LF:1
LH:0
BRDA:1,0,0,0
BRDA:1,0,1,0
BRF:2
BRH:0
end_of_record
TN:
SF:src\constants\brandTheme.ts
FNF:0
FNH:0
DA:6,0
DA:32,0
DA:42,0
DA:50,0
DA:74,0
LF:5
LH:0
BRF:0
BRH:0
end_of_record
TN:
SF:src\constants\dietaryOptions.ts
FNF:0
FNH:0
DA:1,0
DA:11,0
DA:21,0
LF:3
LH:0
BRF:0
BRH:0
end_of_record
TN:
SF:src\constants\prompts.ts
FN:30,(anonymous_0)
FNF:1
FNH:0
FNDA:0,(anonymous_0)
DA:1,0
DA:31,0
LF:2
LH:0
BRF:0
BRH:0
end_of_record
TN:
SF:src\engine\recommendation.ts
FN:17,scoreLow
FN:23,scoreHigh
FN:40,getWeights
FN:64,passesHardFilters
FN:92,hasCuisineMatch
FN:96,(anonymous_5)
FN:97,(anonymous_6)
FN:97,(anonymous_7)
FN:102,buildRecommendation
FN:151,(anonymous_9)
FN:191,scoreAndRankItems
FN:202,(anonymous_11)
FN:207,(anonymous_12)
FN:210,(anonymous_13)
FN:212,(anonymous_14)
FNF:15
FNH:15
FNDA:124,scoreLow
FNDA:31,scoreHigh
FNDA:8,getWeights
FNDA:35,passesHardFilters
FNDA:8,hasCuisineMatch
FNDA:8,(anonymous_5)
FNDA:1,(anonymous_6)
FNDA:1,(anonymous_7)
FNDA:31,buildRecommendation
FNDA:154,(anonymous_9)
FNDA:8,scoreAndRankItems
FNDA:35,(anonymous_11)
FNDA:31,(anonymous_12)
FNDA:24,(anonymous_13)
FNDA:26,(anonymous_14)
DA:4,1
DA:5,1
DA:6,1
DA:7,1
DA:8,1
DA:9,1
DA:10,1
DA:11,1
DA:12,1
DA:13,1
DA:18,124
DA:19,24
DA:20,13
DA:24,31
DA:25,0
DA:26,0
DA:41,8
DA:42,8
DA:43,1
DA:44,1
DA:45,1
DA:46,1
DA:47,1
DA:48,1
DA:50,8
DA:56,1
DA:58,1
DA:60,1
DA:62,1
DA:70,35
DA:71,35
DA:74,35
DA:77,34
DA:78,32
DA:79,32
DA:80,32
DA:83,32
DA:84,2
DA:87,31
DA:96,8
DA:97,8
DA:110,31
DA:111,31
DA:113,31
DA:114,31
DA:115,31
DA:116,31
DA:117,31
DA:118,31
DA:121,31
DA:124,31
DA:132,31
DA:135,31
DA:136,31
DA:137,31
DA:138,31
DA:139,31
DA:140,31
DA:141,31
DA:142,31
DA:143,0
DA:150,31
DA:151,154
DA:153,31
DA:155,31
DA:156,15
DA:159,31
DA:160,31
DA:165,1
DA:168,31
DA:169,31
DA:174,0
DA:177,31
DA:178,31
DA:183,0
DA:186,31
DA:191,1
DA:196,8
DA:197,8
DA:198,8
DA:199,8
DA:200,8
DA:202,8
DA:203,35
DA:206,8
DA:208,31
DA:210,24
DA:212,26
LF:88
LH:83
BRDA:18,0,0,100
BRDA:19,1,0,11
BRDA:24,2,0,31
BRDA:25,3,0,0
BRDA:43,4,0,0
BRDA:44,5,0,0
BRDA:45,6,0,0
BRDA:46,7,0,0
BRDA:47,8,0,1
BRDA:48,9,0,0
BRDA:74,10,0,1
BRDA:74,11,0,35
BRDA:74,11,1,2
BRDA:77,12,0,2
BRDA:77,13,0,34
BRDA:77,13,1,3
BRDA:78,14,0,0
BRDA:78,15,0,32
BRDA:78,15,1,0
BRDA:79,16,0,0
BRDA:79,17,0,32
BRDA:79,17,1,0
BRDA:80,18,0,0
BRDA:80,19,0,32
BRDA:80,19,1,0
BRDA:84,20,0,1
BRDA:84,21,0,2
BRDA:84,21,1,2
BRDA:118,22,0,1
BRDA:118,22,1,30
BRDA:136,23,0,6
BRDA:137,24,0,31
BRDA:138,25,0,31
BRDA:139,26,0,30
BRDA:140,27,0,31
BRDA:141,28,0,1
BRDA:142,29,0,0
BRDA:142,30,0,31
BRDA:142,30,1,1
BRDA:150,31,0,31
BRDA:150,31,1,0
BRDA:155,32,0,15
BRDA:155,33,0,31
BRDA:155,33,1,17
BRDA:155,33,2,1
BRDA:159,34,0,31
BRDA:159,34,1,30
BRDA:160,35,0,1
BRDA:161,36,0,31
BRDA:161,36,1,31
BRDA:161,36,2,0
BRDA:161,36,3,31
BRDA:161,36,4,1
BRDA:169,37,0,0
BRDA:170,38,0,31
BRDA:170,38,1,31
BRDA:170,38,2,0
BRDA:170,38,3,31
BRDA:170,38,4,0
BRDA:177,39,0,31
BRDA:177,39,1,31
BRDA:178,40,0,0
BRDA:179,41,0,31
BRDA:179,41,1,31
BRDA:179,41,2,0
BRDA:179,41,3,31
BRDA:179,41,4,0
BRDA:198,42,0,8
BRDA:198,42,1,0
BRDA:199,43,0,8
BRDA:199,43,1,0
BRDA:200,44,0,8
BRDA:200,44,1,0
BRF:73
BRH:49
end_of_record
TN:
SF:src\hooks\useChat.ts
FN:7,useChat
FN:10,(anonymous_1)
FN:12,(anonymous_2)
FN:24,(anonymous_3)
FNF:4
FNH:0
FNDA:0,useChat
FNDA:0,(anonymous_1)
FNDA:0,(anonymous_2)
FNDA:0,(anonymous_3)
DA:1,0
DA:2,0
DA:3,0
DA:4,0
DA:5,0
DA:7,0
DA:8,0
DA:9,0
DA:10,0
DA:12,0
DA:13,0
DA:15,0
DA:21,0
DA:23,0
DA:24,0
DA:25,0
DA:26,0
DA:33,0
DA:40,0
DA:44,0
LF:20
LH:0
BRDA:13,0,0,0
BRDA:13,1,0,0
BRDA:13,1,1,0
BRDA:13,1,2,0
BRF:4
BRH:0
end_of_record
TN:
SF:src\hooks\useLocation.ts
FN:10,useLocation
FN:14,(anonymous_10)
FN:16,requestLocation
FN:39,(anonymous_12)
FN:42,start
FN:47,(anonymous_14)
FN:59,(anonymous_15)
FNF:7
FNH:0
FNDA:0,useLocation
FNDA:0,(anonymous_10)
FNDA:0,requestLocation
FNDA:0,(anonymous_12)
FNDA:0,start
FNDA:0,(anonymous_14)
FNDA:0,(anonymous_15)
DA:1,0
DA:2,0
DA:3,0
DA:10,0
DA:11,0
DA:12,0
DA:13,0
DA:14,0
DA:17,0
DA:18,0
DA:19,0
DA:20,0
DA:21,0
DA:22,0
DA:23,0
DA:24,0
DA:26,0
DA:29,0
DA:30,0
DA:31,0
DA:33,0
DA:35,0
DA:39,0
DA:40,0
DA:43,0
DA:44,0
DA:45,0
DA:48,0
DA:49,0
DA:50,0
DA:58,0
DA:59,0
DA:62,0
LF:33
LH:0
BRDA:21,0,0,0
BRDA:33,1,0,0
BRDA:33,1,1,0
BRF:3
BRH:0
end_of_record
TN:
SF:src\hooks\useNearbyRestaurants.ts
FN:7,useNearbyRestaurants
FN:8,(anonymous_1)
FN:16,(anonymous_2)
FNF:3
FNH:0
FNDA:0,useNearbyRestaurants
FNDA:0,(anonymous_1)
FNDA:0,(anonymous_2)
DA:1,0
DA:2,0
DA:3,0
DA:4,0
DA:7,0
DA:8,0
DA:11,0
DA:12,0
DA:14,0
DA:17,0
DA:18,0
DA:23,0
DA:24,0
DA:26,0
DA:32,0
LF:15
LH:0
BRDA:7,0,0,0
BRDA:11,1,0,0
BRDA:11,1,1,0
BRDA:12,2,0,0
BRDA:12,2,1,0
BRF:5
BRH:0
end_of_record
TN:
SF:src\hooks\useSaved.ts
FN:7,useSaved
FN:10,load
FN:22,(anonymous_11)
FN:32,(anonymous_12)
FNF:4
FNH:0
FNDA:0,useSaved
FNDA:0,load
FNDA:0,(anonymous_11)
FNDA:0,(anonymous_12)
DA:1,0
DA:2,0
DA:3,0
DA:4,0
DA:7,0
DA:8,0
DA:11,0
DA:12,0
DA:13,0
DA:17,0
DA:18,0
DA:22,0
DA:23,0
DA:24,0
DA:25,0
DA:26,0
DA:28,0
DA:32,0
DA:33,0
DA:34,0
DA:35,0
DA:36,0
DA:38,0
DA:42,0
LF:24
LH:0
BRF:0
BRH:0
end_of_record
TN:
SF:src\hooks\useUserProfile.ts
FN:7,useUserProfile
FN:15,useInvalidateUserProfile
FN:17,(anonymous_2)
FNF:3
FNH:0
FNDA:0,useUserProfile
FNDA:0,useInvalidateUserProfile
FNDA:0,(anonymous_2)
DA:1,0
DA:2,0
DA:5,0
DA:7,0
DA:8,0
DA:15,0
DA:16,0
DA:17,0
LF:8
LH:0
BRF:0
BRH:0
end_of_record
TN:
SF:src\store\chatStore.ts
FN:18,(anonymous_0)
FN:21,(anonymous_1)
FN:21,(anonymous_2)
FN:22,(anonymous_3)
FN:23,(anonymous_4)
FNF:5
FNH:0
FNDA:0,(anonymous_0)
FNDA:0,(anonymous_1)
FNDA:0,(anonymous_2)
FNDA:0,(anonymous_3)
FNDA:0,(anonymous_4)
DA:1,0
DA:18,0
DA:21,0
DA:22,0
DA:23,0
LF:5
LH:0
BRF:0
BRH:0
end_of_record
TN:
SF:src\store\restaurantOwnerStore.ts
FN:31,(anonymous_0)
FN:36,(anonymous_1)
FN:37,(anonymous_2)
FN:38,(anonymous_3)
FN:39,(anonymous_4)
FN:40,(anonymous_5)
FNF:6
FNH:0
FNDA:0,(anonymous_0)
FNDA:0,(anonymous_1)
FNDA:0,(anonymous_2)
FNDA:0,(anonymous_3)
FNDA:0,(anonymous_4)
FNDA:0,(anonymous_5)
DA:1,0
DA:2,0
DA:31,0
DA:36,0
DA:37,0
DA:38,0
DA:39,0
DA:42,0
DA:43,0
DA:44,0
DA:45,0
DA:47,0
DA:50,0
DA:51,0
LF:14
LH:0
BRF:0
BRH:0
end_of_record
TN:
SF:src\store\restaurantStore.ts
FN:18,(anonymous_0)
FN:22,(anonymous_1)
FN:23,(anonymous_2)
FN:24,(anonymous_3)
FNF:4
FNH:0
FNDA:0,(anonymous_0)
FNDA:0,(anonymous_1)
FNDA:0,(anonymous_2)
FNDA:0,(anonymous_3)
DA:1,0
DA:18,0
DA:22,0
DA:23,0
DA:24,0
LF:5
LH:0
BRF:0
BRH:0
end_of_record
TN:
SF:src\store\savedStore.ts
FN:16,(anonymous_0)
FN:22,(anonymous_1)
FN:26,(anonymous_2)
FN:27,(anonymous_3)
FN:30,(anonymous_4)
FN:31,(anonymous_5)
FN:32,(anonymous_6)
FN:36,(anonymous_7)
FN:41,(anonymous_8)
FN:46,(anonymous_9)
FN:47,(anonymous_10)
FN:51,(anonymous_11)
FN:54,(anonymous_12)
FNF:13
FNH:0
FNDA:0,(anonymous_0)
FNDA:0,(anonymous_1)
FNDA:0,(anonymous_2)
FNDA:0,(anonymous_3)
FNDA:0,(anonymous_4)
FNDA:0,(anonymous_5)
FNDA:0,(anonymous_6)
FNDA:0,(anonymous_7)
FNDA:0,(anonymous_8)
FNDA:0,(anonymous_9)
FNDA:0,(anonymous_10)
FNDA:0,(anonymous_11)
FNDA:0,(anonymous_12)
DA:1,0
DA:16,0
DA:23,0
DA:26,0
DA:27,0
DA:30,0
DA:32,0
DA:33,0
DA:34,0
DA:35,0
DA:36,0
DA:38,0
DA:41,0
DA:44,0
DA:47,0
DA:48,0
DA:49,0
DA:50,0
DA:51,0
DA:53,0
DA:54,0
DA:57,0
LF:22
LH:0
BRDA:34,0,0,0
BRDA:41,1,0,0
BRDA:41,1,1,0
BRDA:41,2,0,0
BRDA:41,2,1,0
BRDA:49,3,0,0
BRDA:54,4,0,0
BRDA:54,4,1,0
BRDA:54,5,0,0
BRDA:54,5,1,0
BRF:10
BRH:0
end_of_record
TN:
SF:src\store\userProfileStore.ts
FN:32,(anonymous_0)
FN:35,(anonymous_1)
FN:36,(anonymous_2)
FN:37,(anonymous_3)
FN:38,(anonymous_4)
FNF:5
FNH:0
FNDA:0,(anonymous_0)
FNDA:0,(anonymous_1)
FNDA:0,(anonymous_2)
FNDA:0,(anonymous_3)
FNDA:0,(anonymous_4)
DA:1,0
DA:22,0
DA:32,0
DA:36,0
DA:37,0
DA:38,0
LF:6
LH:0
BRF:0
BRH:0
end_of_record
TN:
SF:src\utils\geo.ts
FN:1,haversineDistance
FN:16,formatDistance
FN:22,snapToGrid
FNF:3
FNH:0
FNDA:0,haversineDistance
FNDA:0,formatDistance
FNDA:0,snapToGrid
DA:1,0
DA:5,0
DA:6,0
DA:7,0
DA:9,0
DA:13,0
DA:16,0
DA:17,0
DA:18,0
DA:22,0
DA:23,0
LF:11
LH:0
BRDA:17,0,0,0
BRDA:22,1,0,0
BRF:2
BRH:0
end_of_record
TN:
SF:src\utils\hours.ts
FN:9,getHoursDisplay
FN:31,getTimeUntil
FN:43,(anonymous_2)
FN:67,(anonymous_3)
FN:75,parseTime
FN:82,formatTimeDelta
FNF:6
FNH:6
FNDA:13,getHoursDisplay
FNDA:11,getTimeUntil
FNDA:10,(anonymous_2)
FNDA:4,(anonymous_3)
FNDA:17,parseTime
FNDA:6,formatTimeDelta
DA:9,1
DA:10,13
DA:11,2
DA:14,11
DA:15,11
DA:16,11
DA:19,11
DA:22,11
DA:24,11
DA:35,11
DA:37,9
DA:38,9
DA:39,9
DA:40,9
DA:43,10
DA:44,9
DA:46,9
DA:47,9
DA:48,9
DA:50,9
DA:52,8
DA:53,2
DA:54,2
DA:58,6
DA:59,4
DA:60,4
DA:66,3
DA:67,4
DA:68,3
DA:69,1
DA:72,2
DA:76,17
DA:77,16
DA:78,16
DA:79,16
DA:83,6
DA:84,1
DA:86,5
DA:87,5
DA:88,5
DA:89,3
DA:91,2
LF:42
LH:42
BRDA:10,0,0,2
BRDA:10,1,0,13
BRDA:10,1,1,12
BRDA:11,2,0,2
BRDA:11,2,1,1
BRDA:16,3,0,11
BRDA:16,3,1,1
BRDA:19,4,0,11
BRDA:19,4,1,1
BRDA:27,5,0,11
BRDA:27,5,1,0
BRDA:35,6,0,2
BRDA:35,7,0,11
BRDA:35,7,1,10
BRDA:44,8,0,0
BRDA:48,9,0,8
BRDA:48,9,1,1
BRDA:50,10,0,8
BRDA:52,11,0,2
BRDA:58,12,0,4
BRDA:58,13,0,6
BRDA:58,13,1,6
BRDA:58,13,2,6
BRDA:68,14,0,1
BRDA:76,15,0,1
BRDA:76,16,0,17
BRDA:76,16,1,17
BRDA:83,17,0,1
BRDA:88,18,0,3
BRF:29
BRH:27
end_of_record
